#
# There is insufficient memory for the Java Runtime Environment to continue.
# Native memory allocation (malloc) failed to allocate 370096 bytes for Chunk::new
# Possible reasons:
#   The system is out of physical RAM or swap space
#   The process is running with CompressedOops enabled, and the Java Heap may be blocking the growth of the native heap
# Possible solutions:
#   Reduce memory load on the system
#   Increase physical memory or swap space
#   Check if swap backing store is full
#   Decrease Java heap size (-Xmx/-Xms)
#   Decrease number of Java threads
#   Decrease Java thread stack sizes (-Xss)
#   Set larger code cache with -XX:ReservedCodeCacheSize=
#   JVM is running with Unscaled Compressed Oops mode in which the Java heap is
#     placed in the first 4GB address space. The Java Heap base address is the
#     maximum limit for the native heap growth. Please use -XX:HeapBaseMinAddress
#     to set the Java Heap base and to place the Java Heap above 4GB virtual address.
# This output file may be truncated or incomplete.
#
#  Out of Memory Error (arena.cpp:197), pid=13336, tid=11236
#
# JRE version: OpenJDK Runtime Environment Corretto-11.0.25.9.1 (11.0.25+9) (build 11.0.25+9-LTS)
# Java VM: OpenJDK 64-Bit Server VM Corretto-11.0.25.9.1 (11.0.25+9-LTS, mixed mode, tiered, compressed oops, g1 gc, windows-amd64)
# No core dump will be written. Minidumps are not enabled by default on client versions of Windows
#

---------------  S U M M A R Y ------------

Command Line: -ea -Didea.test.cyclic.buffer.size=1048576 -javaagent:C:\Program Files\JetBrains\IntelliJ IDEA Community Edition 2024.2.4\lib\idea_rt.jar=65256:C:\Program Files\JetBrains\IntelliJ IDEA Community Edition 2024.2.4\bin -javaagent:C:\Users\admin\AppData\Local\JetBrains\IdeaIC2024.3\captureAgent\debugger-agent.jar -Dkotlinx.coroutines.debug.enable.creation.stack.trace=false -Ddebugger.agent.enable.coroutines=true -Dkotlinx.coroutines.debug.enable.flows.stack.trace=true -Dkotlinx.coroutines.debug.enable.mutable.state.flows.stack.trace=true -Dfile.encoding=UTF-8 com.intellij.rt.junit.JUnitStarter -ideVersion5 -junit5 TestMts,someTest6

Host: Intel(R) Core(TM) i5-8265U CPU @ 1.60GHz, 8 cores, 7G,  Windows 11 , 64 bit Build 22621 (10.0.22621.4391)
Time: Wed Dec 25 01:14:48 2024  Windows 11 , 64 bit Build 22621 (10.0.22621.4391) elapsed time: 0.948428 seconds (0d 0h 0m 0s)

---------------  T H R E A D  ---------------

Current thread (0x00000208a612b000):  JavaThread "C2 CompilerThread1" daemon [_thread_in_native, id=11236, stack(0x0000006168f00000,0x0000006169000000)]


Current CompileTask:
C2:    948  803       4       java.util.HashMap::put (13 bytes)

Stack: [0x0000006168f00000,0x0000006169000000]
Native frames: (J=compiled Java code, j=interpreted, Vv=VM code, C=native code)
V  [jvm.dll+0x64644a]
V  [jvm.dll+0x7daca9]
V  [jvm.dll+0x7dc3a9]
V  [jvm.dll+0x7dca93]
V  [jvm.dll+0x269da5]
V  [jvm.dll+0xc217c]
V  [jvm.dll+0xc272c]
V  [jvm.dll+0x37a297]
V  [jvm.dll+0x344fd5]
V  [jvm.dll+0x3443aa]
V  [jvm.dll+0x221dff]
V  [jvm.dll+0x220e08]
V  [jvm.dll+0x19ea01]
V  [jvm.dll+0x230cb9]
V  [jvm.dll+0x22ee2f]
V  [jvm.dll+0x79bed1]
V  [jvm.dll+0x794ba4]
V  [jvm.dll+0x645205]
C  [ucrtbase.dll+0x29333]
C  [KERNEL32.DLL+0x1259d]
C  [ntdll.dll+0x5af38]


---------------  P R O C E S S  ---------------

Threads class SMR info:
_java_thread_list=0x00000208a5eea8f0, length=13, elements={
0x0000020885f39800, 0x00000208a4f66800, 0x00000208a4f96000, 0x00000208a58fa000,
0x00000208a58fb000, 0x00000208a58fe000, 0x00000208a5901800, 0x00000208a5906000,
0x00000208a590f000, 0x00000208a4f21800, 0x00000208a5bd0800, 0x00000208a612b000,
0x00000208a612b800
}

Java Threads: ( => current thread )
  0x0000020885f39800 JavaThread "main" [_thread_in_Java, id=14960, stack(0x0000006167d00000,0x0000006167e00000)]
  0x00000208a4f66800 JavaThread "Reference Handler" daemon [_thread_blocked, id=19196, stack(0x0000006168400000,0x0000006168500000)]
  0x00000208a4f96000 JavaThread "Finalizer" daemon [_thread_blocked, id=16672, stack(0x0000006168500000,0x0000006168600000)]
  0x00000208a58fa000 JavaThread "Signal Dispatcher" daemon [_thread_blocked, id=15476, stack(0x0000006168600000,0x0000006168700000)]
  0x00000208a58fb000 JavaThread "Attach Listener" daemon [_thread_blocked, id=19400, stack(0x0000006168700000,0x0000006168800000)]
  0x00000208a58fe000 JavaThread "Service Thread" daemon [_thread_blocked, id=10492, stack(0x0000006168800000,0x0000006168900000)]
  0x00000208a5901800 JavaThread "C2 CompilerThread0" daemon [_thread_blocked, id=18256, stack(0x0000006168900000,0x0000006168a00000)]
  0x00000208a5906000 JavaThread "C1 CompilerThread0" daemon [_thread_in_native, id=15876, stack(0x0000006168a00000,0x0000006168b00000)]
  0x00000208a590f000 JavaThread "Sweeper thread" daemon [_thread_blocked, id=11308, stack(0x0000006168b00000,0x0000006168c00000)]
  0x00000208a4f21800 JavaThread "Common-Cleaner" daemon [_thread_blocked, id=8864, stack(0x0000006168c00000,0x0000006168d00000)]
  0x00000208a5bd0800 JavaThread "Monitor Ctrl-Break" daemon [_thread_in_native, id=1420, stack(0x0000006168e00000,0x0000006168f00000)]
=>0x00000208a612b000 JavaThread "C2 CompilerThread1" daemon [_thread_in_native, id=11236, stack(0x0000006168f00000,0x0000006169000000)]
  0x00000208a612b800 JavaThread "C2 CompilerThread2" daemon [_thread_blocked, id=9796, stack(0x0000006169000000,0x0000006169100000)]

Other Threads:
  0x00000208a4f65800 VMThread "VM Thread" [stack: 0x0000006168300000,0x0000006168400000] [id=8356]
  0x00000208a5c8f800 WatcherThread [stack: 0x0000006168d00000,0x0000006168e00000] [id=10720]
  0x0000020885f4a800 GCTaskThread "GC Thread#0" [stack: 0x0000006167e00000,0x0000006167f00000] [id=3568]
  0x0000020885f86800 ConcurrentGCThread "G1 Main Marker" [stack: 0x0000006167f00000,0x0000006168000000] [id=18060]
  0x0000020885f89000 ConcurrentGCThread "G1 Conc#0" [stack: 0x0000006168000000,0x0000006168100000] [id=7044]
  0x00000208a4dca800 ConcurrentGCThread "G1 Refine#0" [stack: 0x0000006168100000,0x0000006168200000] [id=10112]
  0x00000208a4dcb000 ConcurrentGCThread "G1 Young RemSet Sampling" [stack: 0x0000006168200000,0x0000006168300000] [id=13536]

Threads with active compile tasks:
C1 CompilerThread0      983  863       3       java.lang.invoke.TypeConvertingMethodAdapter::convertType (299 bytes)
C2 CompilerThread1      983  803       4       java.util.HashMap::put (13 bytes)

VM state:not at safepoint (normal execution)

VM Mutex/Monitor currently owned by a thread:  ([mutex/lock_event])
[0x0000020885f36fe0] SystemDictionary_lock - owner thread: 0x0000000000000000

Heap address: 0x0000000081c00000, size: 2020 MB, Compressed Oops mode: 32-bit
Narrow klass base: 0x0000000000000000, Narrow klass shift: 3
Compressed class space size: 1073741824 Address: 0x0000000100000000

Heap:
 garbage-first heap   total 131072K, used 15360K [0x0000000081c00000, 0x0000000100000000)
  region size 1024K, 16 young (16384K), 0 survivors (0K)
 Metaspace       used 11224K, capacity 11565K, committed 11776K, reserved 1060864K
  class space    used 1063K, capacity 1179K, committed 1280K, reserved 1048576K
Heap Regions: E=young(eden), S=young(survivor), O=old, HS=humongous(starts), HC=humongous(continues), CS=collection set, F=free, A=archive, TAMS=top-at-mark-start (previous, next)
|   0|0x0000000081c00000, 0x0000000081d00000, 0x0000000081d00000|100%|HS|  |TAMS 0x0000000081c00000, 0x0000000081c00000| Complete 
|   1|0x0000000081d00000, 0x0000000081d00000, 0x0000000081e00000|  0%| F|  |TAMS 0x0000000081d00000, 0x0000000081d00000| Untracked 
|   2|0x0000000081e00000, 0x0000000081e00000, 0x0000000081f00000|  0%| F|  |TAMS 0x0000000081e00000, 0x0000000081e00000| Untracked 
|   3|0x0000000081f00000, 0x0000000081f00000, 0x0000000082000000|  0%| F|  |TAMS 0x0000000081f00000, 0x0000000081f00000| Untracked 
|   4|0x0000000082000000, 0x0000000082000000, 0x0000000082100000|  0%| F|  |TAMS 0x0000000082000000, 0x0000000082000000| Untracked 
|   5|0x0000000082100000, 0x0000000082100000, 0x0000000082200000|  0%| F|  |TAMS 0x0000000082100000, 0x0000000082100000| Untracked 
|   6|0x0000000082200000, 0x0000000082200000, 0x0000000082300000|  0%| F|  |TAMS 0x0000000082200000, 0x0000000082200000| Untracked 
|   7|0x0000000082300000, 0x0000000082300000, 0x0000000082400000|  0%| F|  |TAMS 0x0000000082300000, 0x0000000082300000| Untracked 
|   8|0x0000000082400000, 0x0000000082400000, 0x0000000082500000|  0%| F|  |TAMS 0x0000000082400000, 0x0000000082400000| Untracked 
|   9|0x0000000082500000, 0x0000000082500000, 0x0000000082600000|  0%| F|  |TAMS 0x0000000082500000, 0x0000000082500000| Untracked 
|  10|0x0000000082600000, 0x0000000082600000, 0x0000000082700000|  0%| F|  |TAMS 0x0000000082600000, 0x0000000082600000| Untracked 
|  11|0x0000000082700000, 0x0000000082700000, 0x0000000082800000|  0%| F|  |TAMS 0x0000000082700000, 0x0000000082700000| Untracked 
|  12|0x0000000082800000, 0x0000000082800000, 0x0000000082900000|  0%| F|  |TAMS 0x0000000082800000, 0x0000000082800000| Untracked 
|  13|0x0000000082900000, 0x0000000082900000, 0x0000000082a00000|  0%| F|  |TAMS 0x0000000082900000, 0x0000000082900000| Untracked 
|  14|0x0000000082a00000, 0x0000000082a00000, 0x0000000082b00000|  0%| F|  |TAMS 0x0000000082a00000, 0x0000000082a00000| Untracked 
|  15|0x0000000082b00000, 0x0000000082b00000, 0x0000000082c00000|  0%| F|  |TAMS 0x0000000082b00000, 0x0000000082b00000| Untracked 
|  16|0x0000000082c00000, 0x0000000082c00000, 0x0000000082d00000|  0%| F|  |TAMS 0x0000000082c00000, 0x0000000082c00000| Untracked 
|  17|0x0000000082d00000, 0x0000000082d00000, 0x0000000082e00000|  0%| F|  |TAMS 0x0000000082d00000, 0x0000000082d00000| Untracked 
|  18|0x0000000082e00000, 0x0000000082e00000, 0x0000000082f00000|  0%| F|  |TAMS 0x0000000082e00000, 0x0000000082e00000| Untracked 
|  19|0x0000000082f00000, 0x0000000082f00000, 0x0000000083000000|  0%| F|  |TAMS 0x0000000082f00000, 0x0000000082f00000| Untracked 
|  20|0x0000000083000000, 0x0000000083000000, 0x0000000083100000|  0%| F|  |TAMS 0x0000000083000000, 0x0000000083000000| Untracked 
|  21|0x0000000083100000, 0x0000000083100000, 0x0000000083200000|  0%| F|  |TAMS 0x0000000083100000, 0x0000000083100000| Untracked 
|  22|0x0000000083200000, 0x0000000083200000, 0x0000000083300000|  0%| F|  |TAMS 0x0000000083200000, 0x0000000083200000| Untracked 
|  23|0x0000000083300000, 0x0000000083300000, 0x0000000083400000|  0%| F|  |TAMS 0x0000000083300000, 0x0000000083300000| Untracked 
|  24|0x0000000083400000, 0x0000000083400000, 0x0000000083500000|  0%| F|  |TAMS 0x0000000083400000, 0x0000000083400000| Untracked 
|  25|0x0000000083500000, 0x0000000083500000, 0x0000000083600000|  0%| F|  |TAMS 0x0000000083500000, 0x0000000083500000| Untracked 
|  26|0x0000000083600000, 0x0000000083600000, 0x0000000083700000|  0%| F|  |TAMS 0x0000000083600000, 0x0000000083600000| Untracked 
|  27|0x0000000083700000, 0x0000000083700000, 0x0000000083800000|  0%| F|  |TAMS 0x0000000083700000, 0x0000000083700000| Untracked 
|  28|0x0000000083800000, 0x0000000083800000, 0x0000000083900000|  0%| F|  |TAMS 0x0000000083800000, 0x0000000083800000| Untracked 
|  29|0x0000000083900000, 0x0000000083900000, 0x0000000083a00000|  0%| F|  |TAMS 0x0000000083900000, 0x0000000083900000| Untracked 
|  30|0x0000000083a00000, 0x0000000083a00000, 0x0000000083b00000|  0%| F|  |TAMS 0x0000000083a00000, 0x0000000083a00000| Untracked 
|  31|0x0000000083b00000, 0x0000000083b00000, 0x0000000083c00000|  0%| F|  |TAMS 0x0000000083b00000, 0x0000000083b00000| Untracked 
|  32|0x0000000083c00000, 0x0000000083c00000, 0x0000000083d00000|  0%| F|  |TAMS 0x0000000083c00000, 0x0000000083c00000| Untracked 
|  33|0x0000000083d00000, 0x0000000083d00000, 0x0000000083e00000|  0%| F|  |TAMS 0x0000000083d00000, 0x0000000083d00000| Untracked 
|  34|0x0000000083e00000, 0x0000000083e00000, 0x0000000083f00000|  0%| F|  |TAMS 0x0000000083e00000, 0x0000000083e00000| Untracked 
|  35|0x0000000083f00000, 0x0000000083f00000, 0x0000000084000000|  0%| F|  |TAMS 0x0000000083f00000, 0x0000000083f00000| Untracked 
|  36|0x0000000084000000, 0x0000000084000000, 0x0000000084100000|  0%| F|  |TAMS 0x0000000084000000, 0x0000000084000000| Untracked 
|  37|0x0000000084100000, 0x0000000084100000, 0x0000000084200000|  0%| F|  |TAMS 0x0000000084100000, 0x0000000084100000| Untracked 
|  38|0x0000000084200000, 0x0000000084200000, 0x0000000084300000|  0%| F|  |TAMS 0x0000000084200000, 0x0000000084200000| Untracked 
|  39|0x0000000084300000, 0x0000000084300000, 0x0000000084400000|  0%| F|  |TAMS 0x0000000084300000, 0x0000000084300000| Untracked 
|  40|0x0000000084400000, 0x0000000084400000, 0x0000000084500000|  0%| F|  |TAMS 0x0000000084400000, 0x0000000084400000| Untracked 
|  41|0x0000000084500000, 0x0000000084500000, 0x0000000084600000|  0%| F|  |TAMS 0x0000000084500000, 0x0000000084500000| Untracked 
|  42|0x0000000084600000, 0x0000000084600000, 0x0000000084700000|  0%| F|  |TAMS 0x0000000084600000, 0x0000000084600000| Untracked 
|  43|0x0000000084700000, 0x0000000084700000, 0x0000000084800000|  0%| F|  |TAMS 0x0000000084700000, 0x0000000084700000| Untracked 
|  44|0x0000000084800000, 0x0000000084800000, 0x0000000084900000|  0%| F|  |TAMS 0x0000000084800000, 0x0000000084800000| Untracked 
|  45|0x0000000084900000, 0x0000000084900000, 0x0000000084a00000|  0%| F|  |TAMS 0x0000000084900000, 0x0000000084900000| Untracked 
|  46|0x0000000084a00000, 0x0000000084a00000, 0x0000000084b00000|  0%| F|  |TAMS 0x0000000084a00000, 0x0000000084a00000| Untracked 
|  47|0x0000000084b00000, 0x0000000084b00000, 0x0000000084c00000|  0%| F|  |TAMS 0x0000000084b00000, 0x0000000084b00000| Untracked 
|  48|0x0000000084c00000, 0x0000000084c00000, 0x0000000084d00000|  0%| F|  |TAMS 0x0000000084c00000, 0x0000000084c00000| Untracked 
|  49|0x0000000084d00000, 0x0000000084d00000, 0x0000000084e00000|  0%| F|  |TAMS 0x0000000084d00000, 0x0000000084d00000| Untracked 
|  50|0x0000000084e00000, 0x0000000084e00000, 0x0000000084f00000|  0%| F|  |TAMS 0x0000000084e00000, 0x0000000084e00000| Untracked 
|  51|0x0000000084f00000, 0x0000000084f00000, 0x0000000085000000|  0%| F|  |TAMS 0x0000000084f00000, 0x0000000084f00000| Untracked 
|  52|0x0000000085000000, 0x0000000085000000, 0x0000000085100000|  0%| F|  |TAMS 0x0000000085000000, 0x0000000085000000| Untracked 
|  53|0x0000000085100000, 0x0000000085100000, 0x0000000085200000|  0%| F|  |TAMS 0x0000000085100000, 0x0000000085100000| Untracked 
|  54|0x0000000085200000, 0x0000000085200000, 0x0000000085300000|  0%| F|  |TAMS 0x0000000085200000, 0x0000000085200000| Untracked 
|  55|0x0000000085300000, 0x0000000085300000, 0x0000000085400000|  0%| F|  |TAMS 0x0000000085300000, 0x0000000085300000| Untracked 
|  56|0x0000000085400000, 0x0000000085400000, 0x0000000085500000|  0%| F|  |TAMS 0x0000000085400000, 0x0000000085400000| Untracked 
|  57|0x0000000085500000, 0x0000000085500000, 0x0000000085600000|  0%| F|  |TAMS 0x0000000085500000, 0x0000000085500000| Untracked 
|  58|0x0000000085600000, 0x0000000085600000, 0x0000000085700000|  0%| F|  |TAMS 0x0000000085600000, 0x0000000085600000| Untracked 
|  59|0x0000000085700000, 0x0000000085700000, 0x0000000085800000|  0%| F|  |TAMS 0x0000000085700000, 0x0000000085700000| Untracked 
|  60|0x0000000085800000, 0x0000000085800000, 0x0000000085900000|  0%| F|  |TAMS 0x0000000085800000, 0x0000000085800000| Untracked 
|  61|0x0000000085900000, 0x0000000085900000, 0x0000000085a00000|  0%| F|  |TAMS 0x0000000085900000, 0x0000000085900000| Untracked 
|  62|0x0000000085a00000, 0x0000000085a00000, 0x0000000085b00000|  0%| F|  |TAMS 0x0000000085a00000, 0x0000000085a00000| Untracked 
|  63|0x0000000085b00000, 0x0000000085b00000, 0x0000000085c00000|  0%| F|  |TAMS 0x0000000085b00000, 0x0000000085b00000| Untracked 
|  64|0x0000000085c00000, 0x0000000085c00000, 0x0000000085d00000|  0%| F|  |TAMS 0x0000000085c00000, 0x0000000085c00000| Untracked 
|  65|0x0000000085d00000, 0x0000000085d00000, 0x0000000085e00000|  0%| F|  |TAMS 0x0000000085d00000, 0x0000000085d00000| Untracked 
|  66|0x0000000085e00000, 0x0000000085e00000, 0x0000000085f00000|  0%| F|  |TAMS 0x0000000085e00000, 0x0000000085e00000| Untracked 
|  67|0x0000000085f00000, 0x0000000085f00000, 0x0000000086000000|  0%| F|  |TAMS 0x0000000085f00000, 0x0000000085f00000| Untracked 
|  68|0x0000000086000000, 0x0000000086000000, 0x0000000086100000|  0%| F|  |TAMS 0x0000000086000000, 0x0000000086000000| Untracked 
|  69|0x0000000086100000, 0x0000000086100000, 0x0000000086200000|  0%| F|  |TAMS 0x0000000086100000, 0x0000000086100000| Untracked 
|  70|0x0000000086200000, 0x0000000086200000, 0x0000000086300000|  0%| F|  |TAMS 0x0000000086200000, 0x0000000086200000| Untracked 
|  71|0x0000000086300000, 0x0000000086300000, 0x0000000086400000|  0%| F|  |TAMS 0x0000000086300000, 0x0000000086300000| Untracked 
|  72|0x0000000086400000, 0x0000000086400000, 0x0000000086500000|  0%| F|  |TAMS 0x0000000086400000, 0x0000000086400000| Untracked 
|  73|0x0000000086500000, 0x0000000086500000, 0x0000000086600000|  0%| F|  |TAMS 0x0000000086500000, 0x0000000086500000| Untracked 
|  74|0x0000000086600000, 0x0000000086600000, 0x0000000086700000|  0%| F|  |TAMS 0x0000000086600000, 0x0000000086600000| Untracked 
|  75|0x0000000086700000, 0x0000000086700000, 0x0000000086800000|  0%| F|  |TAMS 0x0000000086700000, 0x0000000086700000| Untracked 
|  76|0x0000000086800000, 0x0000000086800000, 0x0000000086900000|  0%| F|  |TAMS 0x0000000086800000, 0x0000000086800000| Untracked 
|  77|0x0000000086900000, 0x0000000086900000, 0x0000000086a00000|  0%| F|  |TAMS 0x0000000086900000, 0x0000000086900000| Untracked 
|  78|0x0000000086a00000, 0x0000000086a00000, 0x0000000086b00000|  0%| F|  |TAMS 0x0000000086a00000, 0x0000000086a00000| Untracked 
|  79|0x0000000086b00000, 0x0000000086b00000, 0x0000000086c00000|  0%| F|  |TAMS 0x0000000086b00000, 0x0000000086b00000| Untracked 
|  80|0x0000000086c00000, 0x0000000086c00000, 0x0000000086d00000|  0%| F|  |TAMS 0x0000000086c00000, 0x0000000086c00000| Untracked 
|  81|0x0000000086d00000, 0x0000000086d00000, 0x0000000086e00000|  0%| F|  |TAMS 0x0000000086d00000, 0x0000000086d00000| Untracked 
|  82|0x0000000086e00000, 0x0000000086e00000, 0x0000000086f00000|  0%| F|  |TAMS 0x0000000086e00000, 0x0000000086e00000| Untracked 
|  83|0x0000000086f00000, 0x0000000086f00000, 0x0000000087000000|  0%| F|  |TAMS 0x0000000086f00000, 0x0000000086f00000| Untracked 
|  84|0x0000000087000000, 0x0000000087000000, 0x0000000087100000|  0%| F|  |TAMS 0x0000000087000000, 0x0000000087000000| Untracked 
|  85|0x0000000087100000, 0x0000000087100000, 0x0000000087200000|  0%| F|  |TAMS 0x0000000087100000, 0x0000000087100000| Untracked 
|  86|0x0000000087200000, 0x0000000087200000, 0x0000000087300000|  0%| F|  |TAMS 0x0000000087200000, 0x0000000087200000| Untracked 
|  87|0x0000000087300000, 0x0000000087300000, 0x0000000087400000|  0%| F|  |TAMS 0x0000000087300000, 0x0000000087300000| Untracked 
|  88|0x0000000087400000, 0x0000000087400000, 0x0000000087500000|  0%| F|  |TAMS 0x0000000087400000, 0x0000000087400000| Untracked 
|  89|0x0000000087500000, 0x0000000087500000, 0x0000000087600000|  0%| F|  |TAMS 0x0000000087500000, 0x0000000087500000| Untracked 
|  90|0x0000000087600000, 0x0000000087600000, 0x0000000087700000|  0%| F|  |TAMS 0x0000000087600000, 0x0000000087600000| Untracked 
|  91|0x0000000087700000, 0x0000000087700000, 0x0000000087800000|  0%| F|  |TAMS 0x0000000087700000, 0x0000000087700000| Untracked 
|  92|0x0000000087800000, 0x0000000087800000, 0x0000000087900000|  0%| F|  |TAMS 0x0000000087800000, 0x0000000087800000| Untracked 
|  93|0x0000000087900000, 0x0000000087900000, 0x0000000087a00000|  0%| F|  |TAMS 0x0000000087900000, 0x0000000087900000| Untracked 
|  94|0x0000000087a00000, 0x0000000087a00000, 0x0000000087b00000|  0%| F|  |TAMS 0x0000000087a00000, 0x0000000087a00000| Untracked 
|  95|0x0000000087b00000, 0x0000000087b00000, 0x0000000087c00000|  0%| F|  |TAMS 0x0000000087b00000, 0x0000000087b00000| Untracked 
|  96|0x0000000087c00000, 0x0000000087c00000, 0x0000000087d00000|  0%| F|  |TAMS 0x0000000087c00000, 0x0000000087c00000| Untracked 
|  97|0x0000000087d00000, 0x0000000087d00000, 0x0000000087e00000|  0%| F|  |TAMS 0x0000000087d00000, 0x0000000087d00000| Untracked 
|  98|0x0000000087e00000, 0x0000000087e00000, 0x0000000087f00000|  0%| F|  |TAMS 0x0000000087e00000, 0x0000000087e00000| Untracked 
|  99|0x0000000087f00000, 0x0000000087f00000, 0x0000000088000000|  0%| F|  |TAMS 0x0000000087f00000, 0x0000000087f00000| Untracked 
| 100|0x0000000088000000, 0x0000000088000000, 0x0000000088100000|  0%| F|  |TAMS 0x0000000088000000, 0x0000000088000000| Untracked 
| 101|0x0000000088100000, 0x0000000088100000, 0x0000000088200000|  0%| F|  |TAMS 0x0000000088100000, 0x0000000088100000| Untracked 
| 102|0x0000000088200000, 0x0000000088200000, 0x0000000088300000|  0%| F|  |TAMS 0x0000000088200000, 0x0000000088200000| Untracked 
| 103|0x0000000088300000, 0x0000000088300000, 0x0000000088400000|  0%| F|  |TAMS 0x0000000088300000, 0x0000000088300000| Untracked 
| 104|0x0000000088400000, 0x0000000088400000, 0x0000000088500000|  0%| F|  |TAMS 0x0000000088400000, 0x0000000088400000| Untracked 
| 105|0x0000000088500000, 0x0000000088500000, 0x0000000088600000|  0%| F|  |TAMS 0x0000000088500000, 0x0000000088500000| Untracked 
| 106|0x0000000088600000, 0x0000000088600000, 0x0000000088700000|  0%| F|  |TAMS 0x0000000088600000, 0x0000000088600000| Untracked 
| 107|0x0000000088700000, 0x0000000088700000, 0x0000000088800000|  0%| F|  |TAMS 0x0000000088700000, 0x0000000088700000| Untracked 
| 108|0x0000000088800000, 0x0000000088800000, 0x0000000088900000|  0%| F|  |TAMS 0x0000000088800000, 0x0000000088800000| Untracked 
| 109|0x0000000088900000, 0x0000000088900000, 0x0000000088a00000|  0%| F|  |TAMS 0x0000000088900000, 0x0000000088900000| Untracked 
| 110|0x0000000088a00000, 0x0000000088a00000, 0x0000000088b00000|  0%| F|  |TAMS 0x0000000088a00000, 0x0000000088a00000| Untracked 
| 111|0x0000000088b00000, 0x0000000088b00000, 0x0000000088c00000|  0%| F|  |TAMS 0x0000000088b00000, 0x0000000088b00000| Untracked 
| 112|0x0000000088c00000, 0x0000000088c7b630, 0x0000000088d00000| 48%| E|  |TAMS 0x0000000088c00000, 0x0000000088c00000| Complete 
| 113|0x0000000088d00000, 0x0000000088e00000, 0x0000000088e00000|100%| E|CS|TAMS 0x0000000088d00000, 0x0000000088d00000| Complete 
| 114|0x0000000088e00000, 0x0000000088f00000, 0x0000000088f00000|100%| E|CS|TAMS 0x0000000088e00000, 0x0000000088e00000| Complete 
| 115|0x0000000088f00000, 0x0000000089000000, 0x0000000089000000|100%| E|CS|TAMS 0x0000000088f00000, 0x0000000088f00000| Complete 
| 116|0x0000000089000000, 0x0000000089100000, 0x0000000089100000|100%| E|CS|TAMS 0x0000000089000000, 0x0000000089000000| Complete 
| 117|0x0000000089100000, 0x0000000089200000, 0x0000000089200000|100%| E|CS|TAMS 0x0000000089100000, 0x0000000089100000| Complete 
| 118|0x0000000089200000, 0x0000000089300000, 0x0000000089300000|100%| E|CS|TAMS 0x0000000089200000, 0x0000000089200000| Complete 
| 119|0x0000000089300000, 0x0000000089400000, 0x0000000089400000|100%| E|CS|TAMS 0x0000000089300000, 0x0000000089300000| Complete 
| 120|0x0000000089400000, 0x0000000089500000, 0x0000000089500000|100%| E|CS|TAMS 0x0000000089400000, 0x0000000089400000| Complete 
| 121|0x0000000089500000, 0x0000000089600000, 0x0000000089600000|100%| E|  |TAMS 0x0000000089500000, 0x0000000089500000| Complete 
| 122|0x0000000089600000, 0x0000000089700000, 0x0000000089700000|100%| E|CS|TAMS 0x0000000089600000, 0x0000000089600000| Complete 
| 123|0x0000000089700000, 0x0000000089800000, 0x0000000089800000|100%| E|CS|TAMS 0x0000000089700000, 0x0000000089700000| Complete 
| 124|0x0000000089800000, 0x0000000089900000, 0x0000000089900000|100%| E|CS|TAMS 0x0000000089800000, 0x0000000089800000| Complete 
| 125|0x0000000089900000, 0x0000000089a00000, 0x0000000089a00000|100%| E|CS|TAMS 0x0000000089900000, 0x0000000089900000| Complete 
| 126|0x0000000089a00000, 0x0000000089b00000, 0x0000000089b00000|100%| E|CS|TAMS 0x0000000089a00000, 0x0000000089a00000| Complete 
| 127|0x0000000089b00000, 0x0000000089c00000, 0x0000000089c00000|100%| E|CS|TAMS 0x0000000089b00000, 0x0000000089b00000| Complete 

Card table byte_map: [0x000002089de00000,0x000002089e200000] _byte_map_base: 0x000002089d9f2000

Marking Bits (Prev, Next): (CMBitMap*) 0x0000020885f7e068, (CMBitMap*) 0x0000020885f7e0a0
 Prev Bits: [0x000002089e600000, 0x00000208a0590000)
 Next Bits: [0x00000208a0590000, 0x00000208a2520000)

Polling page: 0x0000020883f10000

Metaspace:

Usage:
  Non-class:     10.15 MB capacity,     9.93 MB ( 98%) used,   193.30 KB (  2%) free+waste,    25.25 KB ( <1%) overhead. 
      Class:      1.15 MB capacity,     1.04 MB ( 90%) used,   102.62 KB (  9%) free+waste,    12.56 KB (  1%) overhead. 
       Both:     11.30 MB capacity,    10.98 MB ( 97%) used,   295.91 KB (  3%) free+waste,    37.81 KB ( <1%) overhead. 

Virtual space:
  Non-class space:       12.00 MB reserved,      10.25 MB ( 85%) committed 
      Class space:        1.00 GB reserved,       1.25 MB ( <1%) committed 
             Both:        1.01 GB reserved,      11.50 MB (  1%) committed 

Chunk freelists:
   Non-Class:  41.00 KB
       Class:  0 bytes
        Both:  41.00 KB

MaxMetaspaceSize: 17179869184.00 GB
CompressedClassSpaceSize: 1.00 GB
Initial GC threshold: 20.80 MB
Current GC threshold: 20.80 MB
CDS: off

CodeHeap 'non-profiled nmethods': size=120000Kb used=250Kb max_used=250Kb free=119749Kb
 bounds [0x00000208961a0000, 0x0000020896410000, 0x000002089d6d0000]
CodeHeap 'profiled nmethods': size=120000Kb used=1535Kb max_used=1535Kb free=118464Kb
 bounds [0x000002088ec70000, 0x000002088eee0000, 0x00000208961a0000]
CodeHeap 'non-nmethods': size=5760Kb used=1125Kb max_used=1140Kb free=4634Kb
 bounds [0x000002088e6d0000, 0x000002088e940000, 0x000002088ec70000]
 total_blobs=1241 nmethods=864 adapters=290
 compilation: enabled
              stopped_count=0, restarted_count=0
 full_count=0

Compilation events (20 events):
Event: 0.938 Thread 0x00000208a5906000 nmethod 819 0x000002088edc8090 code [0x000002088edc8240, 0x000002088edc8418]
Event: 0.938 Thread 0x00000208a5906000  822       3       java.lang.invoke.MethodHandles$Lookup::fixmods (16 bytes)
Event: 0.938 Thread 0x00000208a5906000 nmethod 822 0x000002088edc8490 code [0x000002088edc8640, 0x000002088edc8778]
Event: 0.938 Thread 0x00000208a5906000  823       3       sun.invoke.util.VerifyAccess::isMemberAccessible (313 bytes)
Event: 0.941 Thread 0x00000208a5906000 nmethod 823 0x000002088edc8810 code [0x000002088edc8ce0, 0x000002088edcae88]
Event: 0.941 Thread 0x00000208a5906000  824       3       java.lang.reflect.Method::<init> (68 bytes)
Event: 0.941 Thread 0x00000208a5906000 nmethod 824 0x000002088edcb910 code [0x000002088edcbb00, 0x000002088edcc098]
Event: 0.941 Thread 0x00000208a5906000  825       3       java.lang.reflect.Method::copy (84 bytes)
Event: 0.942 Thread 0x00000208a5906000 nmethod 825 0x000002088edcc210 code [0x000002088edcc3e0, 0x000002088edcc7d8]
Event: 0.942 Thread 0x00000208a5906000  827       3       jdk.internal.org.objectweb.asm.MethodWriter::visitMethodInsn (228 bytes)
Event: 0.943 Thread 0x00000208a5906000 nmethod 827 0x000002088edcc910 code [0x000002088edccb40, 0x000002088edcd148]
Event: 0.944 Thread 0x00000208a5906000  828       3       jdk.internal.org.objectweb.asm.ClassWriter::newMethodItem (91 bytes)
Event: 0.944 Thread 0x00000208a612b800  829       4       java.util.zip.ZipFile$Source::getEntryPos (206 bytes)
Event: 0.945 Thread 0x00000208a5906000 nmethod 828 0x000002088edcd410 code [0x000002088edcd660, 0x000002088edcdc18]
Event: 0.945 Thread 0x00000208a5906000  826       3       jdk.internal.org.objectweb.asm.Label::<init> (5 bytes)
Event: 0.945 Thread 0x00000208a5906000 nmethod 826 0x000002088edcdf90 code [0x000002088edce140, 0x000002088edce298]
Event: 0.945 Thread 0x00000208a5906000  830       3       java.net.URLStreamHandler::setURL (73 bytes)
Event: 0.946 Thread 0x00000208a5906000 nmethod 830 0x000002088edce390 code [0x000002088edce660, 0x000002088edcf398]
Event: 0.946 Thread 0x00000208a5906000  831   !   3       java.net.URL::set (114 bytes)
Event: 0.946 Thread 0x00000208a5901800 nmethod 786 0x00000208961db510 code [0x00000208961db6e0, 0x00000208961dc298]

GC Heap History (0 events):
No events

Deoptimization events (20 events):
Event: 0.636 Thread 0x0000020885f39800 DEOPT PACKING pc=0x00000208961ab894 sp=0x0000006167dfb1c0
Event: 0.636 Thread 0x0000020885f39800 DEOPT UNPACKING pc=0x000002088e71a1af sp=0x0000006167dfb150 mode 2
Event: 0.744 Thread 0x0000020885f39800 Uncommon trap: trap_request=0xffffff4d fr.pc=0x00000208961ae9ec relative=0x0000000000000c6c
Event: 0.744 Thread 0x0000020885f39800 Uncommon trap: reason=unstable_if action=reinterpret pc=0x00000208961ae9ec method=java.util.HashMap.putVal(ILjava/lang/Object;Ljava/lang/Object;ZZ)Ljava/lang/Object; @ 181 c2
Event: 0.744 Thread 0x0000020885f39800 DEOPT PACKING pc=0x00000208961ae9ec sp=0x0000006167dfe310
Event: 0.744 Thread 0x0000020885f39800 DEOPT UNPACKING pc=0x000002088e71a1af sp=0x0000006167dfe2b0 mode 2
Event: 0.806 Thread 0x0000020885f39800 DEOPT PACKING pc=0x000002088ed25dca sp=0x0000006167dfe6e0
Event: 0.806 Thread 0x0000020885f39800 DEOPT UNPACKING pc=0x000002088e71a95e sp=0x0000006167dfdb58 mode 0
Event: 0.810 Thread 0x0000020885f39800 Uncommon trap: trap_request=0xffffff4d fr.pc=0x00000208961c6800 relative=0x0000000000000060
Event: 0.810 Thread 0x0000020885f39800 Uncommon trap: reason=unstable_if action=reinterpret pc=0x00000208961c6800 method=java.io.WinNTFileSystem.isSlash(C)Z @ 9 c2
Event: 0.810 Thread 0x0000020885f39800 DEOPT PACKING pc=0x00000208961c6800 sp=0x0000006167dfe770
Event: 0.810 Thread 0x0000020885f39800 DEOPT UNPACKING pc=0x000002088e71a1af sp=0x0000006167dfe6f8 mode 2
Event: 0.906 Thread 0x0000020885f39800 Uncommon trap: trap_request=0xffffffde fr.pc=0x00000208961d31ec relative=0x000000000000038c
Event: 0.906 Thread 0x0000020885f39800 Uncommon trap: reason=class_check action=maybe_recompile pc=0x00000208961d31ec method=java.util.HashMap.getNode(ILjava/lang/Object;)Ljava/util/HashMap$Node; @ 126 c2
Event: 0.906 Thread 0x0000020885f39800 DEOPT PACKING pc=0x00000208961d31ec sp=0x0000006167dfb440
Event: 0.906 Thread 0x0000020885f39800 DEOPT UNPACKING pc=0x000002088e71a1af sp=0x0000006167dfb3b8 mode 2
Event: 0.906 Thread 0x0000020885f39800 Uncommon trap: trap_request=0xffffff4d fr.pc=0x00000208961d30c4 relative=0x0000000000000264
Event: 0.906 Thread 0x0000020885f39800 Uncommon trap: reason=unstable_if action=reinterpret pc=0x00000208961d30c4 method=java.util.HashMap.getNode(ILjava/lang/Object;)Ljava/util/HashMap$Node; @ 62 c2
Event: 0.906 Thread 0x0000020885f39800 DEOPT PACKING pc=0x00000208961d30c4 sp=0x0000006167dfb440
Event: 0.906 Thread 0x0000020885f39800 DEOPT UNPACKING pc=0x000002088e71a1af sp=0x0000006167dfb3c0 mode 2

Classes redefined (1 events):
Event: 0.487 Thread 0x00000208a4f65800 redefined class name=java.lang.Throwable, count=1

Internal exceptions (9 events):
Event: 0.579 Thread 0x0000020885f39800 Exception <a 'java/lang/NoSuchMethodError'{0x000000008979fd68}: 'java.lang.Object java.lang.invoke.DirectMethodHandle$Holder.invokeStaticInit(java.lang.Object, int)'> (0x000000008979fd68) thrown at [s\src\hotspot\share\interpreter\linkResolver.cpp, line 773]
Event: 0.739 Thread 0x0000020885f39800 Exception <a 'java/lang/NoSuchMethodError'{0x0000000089291b48}: 'java.lang.Object java.lang.invoke.DirectMethodHandle$Holder.invokeStaticInit(java.lang.Object, java.lang.Object, java.lang.Object)'> (0x0000000089291b48) thrown at [s\src\hotspot\share\interpreter\linkResolver.cpp, line 773]
Event: 0.743 Thread 0x0000020885f39800 Exception <a 'java/lang/NoSuchMethodError'{0x000000008929c988}: 'void java.lang.invoke.DirectMethodHandle$Holder.invokeStaticInit(java.lang.Object, java.lang.Object, java.lang.Object)'> (0x000000008929c988) thrown at [s\src\hotspot\share\interpreter\linkResolver.cpp, line 773]
Event: 0.798 Thread 0x0000020885f39800 Exception <a 'java/lang/NoSuchMethodError'{0x000000008913ada0}: 'java.lang.Object java.lang.invoke.DirectMethodHandle$Holder.invokeVirtual(java.lang.Object, java.lang.Object, java.lang.Object)'> (0x000000008913ada0) thrown at [s\src\hotspot\share\interpreter\linkResolver.cpp, line 773]
Event: 0.838 Thread 0x0000020885f39800 Exception <a 'java/lang/NoSuchMethodError'{0x0000000089066160}: 'int java.lang.invoke.DirectMethodHandle$Holder.invokeVirtual(java.lang.Object, java.lang.Object)'> (0x0000000089066160) thrown at [s\src\hotspot\share\interpreter\linkResolver.cpp, line 773]
Event: 0.861 Thread 0x0000020885f39800 Exception <a 'java/lang/NoSuchMethodError'{0x0000000088f0c898}: 'int java.lang.invoke.DirectMethodHandle$Holder.invokeSpecialIFC(java.lang.Object, java.lang.Object, java.lang.Object, java.lang.Object)'> (0x0000000088f0c898) thrown at [s\src\hotspot\share\interpreter\linkResolver.cpp, line 773]
Event: 0.881 Thread 0x0000020885f39800 Exception <a 'java/lang/NoSuchMethodError'{0x0000000088fb0e90}: 'void java.lang.invoke.DirectMethodHandle$Holder.invokeInterface(java.lang.Object, java.lang.Object)'> (0x0000000088fb0e90) thrown at [s\src\hotspot\share\interpreter\linkResolver.cpp, line 773]
Event: 0.882 Thread 0x0000020885f39800 Exception <a 'java/lang/IncompatibleClassChangeError'{0x0000000088fb3db8}: Found class java.lang.Object, but interface was expected> (0x0000000088fb3db8) thrown at [s\src\hotspot\share\interpreter\linkResolver.cpp, line 839]
Event: 0.934 Thread 0x0000020885f39800 Exception <a 'java/lang/NoSuchMethodError'{0x0000000088d0a538}: 'java.lang.Object java.lang.invoke.Invokers$Holder.linkToTargetMethod(java.lang.Object, java.lang.Object, java.lang.Object, java.lang.Object, java.lang.Object, java.lang.Object)'> (0x0000000088d0a538) thrown at [s\src\hotspot\share\interpreter\linkResolver.cpp, line 773]

Events (20 events):
Event: 0.939 loading class org/junit/platform/engine/TestDescriptor
Event: 0.939 loading class org/junit/platform/engine/TestDescriptor done
Event: 0.939 loading class org/junit/platform/engine/TestDescriptor
Event: 0.939 loading class org/junit/platform/engine/TestDescriptor done
Event: 0.939 loading class org/junit/jupiter/engine/discovery/ClassSelectorResolver
Event: 0.939 loading class org/junit/jupiter/engine/discovery/ClassSelectorResolver done
Event: 0.940 loading class org/junit/jupiter/engine/descriptor/ClassTestDescriptor
Event: 0.940 loading class org/junit/jupiter/engine/descriptor/ClassTestDescriptor done
Event: 0.940 loading class org/junit/jupiter/engine/descriptor/ClassBasedTestDescriptor
Event: 0.940 loading class org/junit/jupiter/engine/descriptor/ClassBasedTestDescriptor done
Event: 0.941 loading class org/junit/jupiter/engine/descriptor/JupiterTestDescriptor
Event: 0.941 loading class org/junit/jupiter/engine/descriptor/JupiterTestDescriptor done
Event: 0.944 loading class org/junit/jupiter/engine/extension/ExtensionRegistrar
Event: 0.944 loading class org/junit/jupiter/engine/extension/ExtensionRegistrar done
Event: 0.945 loading class org/junit/jupiter/api/extension/ExtensionConfigurationException
Event: 0.945 loading class org/junit/jupiter/api/extension/ExtensionConfigurationException done
Event: 0.945 loading class org/junit/jupiter/api/extension/TestInstanceFactoryContext
Event: 0.945 loading class org/junit/jupiter/api/extension/TestInstanceFactoryContext done
Event: 0.946 loading class org/junit/jupiter/api/extension/TestInstantiationException
Event: 0.946 loading class org/junit/jupiter/api/extension/TestInstantiationException done


Dynamic libraries:
0x00007ff6c91e0000 - 0x00007ff6c91ee000 	C:\Users\admin\.jdks\corretto-11.0.25\bin\java.exe
0x00007ffbb33f0000 - 0x00007ffbb3607000 	C:\WINDOWS\SYSTEM32\ntdll.dll
0x00007ffbb21f0000 - 0x00007ffbb22b4000 	C:\WINDOWS\System32\KERNEL32.DLL
0x00007ffbb0810000 - 0x00007ffbb0bc9000 	C:\WINDOWS\System32\KERNELBASE.dll
0x00007ffbb0d70000 - 0x00007ffbb0e81000 	C:\WINDOWS\System32\ucrtbase.dll
0x00007ffba9000000 - 0x00007ffba9017000 	C:\Users\admin\.jdks\corretto-11.0.25\bin\jli.dll
0x00007ffba9020000 - 0x00007ffba903b000 	C:\Users\admin\.jdks\corretto-11.0.25\bin\VCRUNTIME140.dll
0x00007ffbb1df0000 - 0x00007ffbb1f9e000 	C:\WINDOWS\System32\USER32.dll
0x00007ffbb0d40000 - 0x00007ffbb0d66000 	C:\WINDOWS\System32\win32u.dll
0x00007ffb9cf70000 - 0x00007ffb9d202000 	C:\WINDOWS\WinSxS\amd64_microsoft.windows.common-controls_6595b64144ccf1df_6.0.22621.4391_none_2715d37f73803e96\COMCTL32.dll
0x00007ffbb22c0000 - 0x00007ffbb22e9000 	C:\WINDOWS\System32\GDI32.dll
0x00007ffbb2140000 - 0x00007ffbb21e7000 	C:\WINDOWS\System32\msvcrt.dll
0x00007ffbb0e90000 - 0x00007ffbb0fab000 	C:\WINDOWS\System32\gdi32full.dll
0x00007ffbb06f0000 - 0x00007ffbb078a000 	C:\WINDOWS\System32\msvcp_win.dll
0x00007ffbb2e80000 - 0x00007ffbb2eb1000 	C:\WINDOWS\System32\IMM32.DLL
0x00007ffbabc70000 - 0x00007ffbabc7c000 	C:\Users\admin\.jdks\corretto-11.0.25\bin\vcruntime140_1.dll
0x00007ffba8f70000 - 0x00007ffba8ffd000 	C:\Users\admin\.jdks\corretto-11.0.25\bin\msvcp140.dll
0x00007ffb533d0000 - 0x00007ffb53f95000 	C:\Users\admin\.jdks\corretto-11.0.25\bin\server\jvm.dll
0x00007ffbb2c00000 - 0x00007ffbb2cb2000 	C:\WINDOWS\System32\ADVAPI32.dll
0x00007ffbb1ba0000 - 0x00007ffbb1c47000 	C:\WINDOWS\System32\sechost.dll
0x00007ffbb1020000 - 0x00007ffbb1048000 	C:\WINDOWS\System32\bcrypt.dll
0x00007ffbb1cd0000 - 0x00007ffbb1de4000 	C:\WINDOWS\System32\RPCRT4.dll
0x00007ffbb24a0000 - 0x00007ffbb2511000 	C:\WINDOWS\System32\WS2_32.dll
0x00007ffbb20a0000 - 0x00007ffbb20a8000 	C:\WINDOWS\System32\PSAPI.DLL
0x00007ffbabcd0000 - 0x00007ffbabd04000 	C:\WINDOWS\SYSTEM32\WINMM.dll
0x00007ffbabc80000 - 0x00007ffbabc8a000 	C:\WINDOWS\SYSTEM32\VERSION.dll
0x00007ffbaf6f0000 - 0x00007ffbaf708000 	C:\WINDOWS\SYSTEM32\kernel.appcore.dll
0x00007ffba8f30000 - 0x00007ffba8f40000 	C:\Users\admin\.jdks\corretto-11.0.25\bin\verify.dll
0x00007ffbae0e0000 - 0x00007ffbae312000 	C:\WINDOWS\SYSTEM32\DBGHELP.DLL
0x00007ffbb3020000 - 0x00007ffbb33af000 	C:\WINDOWS\System32\combase.dll
0x00007ffbb2520000 - 0x00007ffbb25f7000 	C:\WINDOWS\System32\OLEAUT32.dll
0x00007ffb977e0000 - 0x00007ffb97812000 	C:\WINDOWS\SYSTEM32\dbgcore.DLL
0x00007ffbb0790000 - 0x00007ffbb080b000 	C:\WINDOWS\System32\bcryptPrimitives.dll
0x00007ffba86a0000 - 0x00007ffba86c8000 	C:\Users\admin\.jdks\corretto-11.0.25\bin\java.dll
0x00007ffba8f20000 - 0x00007ffba8f2a000 	C:\Users\admin\.jdks\corretto-11.0.25\bin\jimage.dll
0x00007ffbaaa90000 - 0x00007ffbaaa9e000 	C:\Users\admin\.jdks\corretto-11.0.25\bin\instrument.dll
0x00007ffba79c0000 - 0x00007ffba79d8000 	C:\Users\admin\.jdks\corretto-11.0.25\bin\zip.dll
0x00007ffbb1110000 - 0x00007ffbb1986000 	C:\WINDOWS\System32\SHELL32.dll
0x00007ffbae5e0000 - 0x00007ffbaeee3000 	C:\WINDOWS\SYSTEM32\windows.storage.dll
0x00007ffbae4a0000 - 0x00007ffbae5df000 	C:\WINDOWS\SYSTEM32\wintypes.dll
0x00007ffbb19f0000 - 0x00007ffbb1ae9000 	C:\WINDOWS\System32\SHCORE.dll
0x00007ffbb1b40000 - 0x00007ffbb1b9e000 	C:\WINDOWS\System32\shlwapi.dll
0x00007ffbb0620000 - 0x00007ffbb064b000 	C:\WINDOWS\SYSTEM32\profapi.dll
0x00007ffba79a0000 - 0x00007ffba79b9000 	C:\Users\admin\.jdks\corretto-11.0.25\bin\net.dll
0x00007ffbab590000 - 0x00007ffbab6c6000 	C:\WINDOWS\SYSTEM32\WINHTTP.dll
0x00007ffbafb60000 - 0x00007ffbafbc9000 	C:\WINDOWS\system32\mswsock.dll
0x00007ffba7980000 - 0x00007ffba7992000 	C:\Users\admin\.jdks\corretto-11.0.25\bin\nio.dll
0x00007ffba8f40000 - 0x00007ffba8f5a000 	C:\Program Files\JetBrains\IntelliJ IDEA Community Edition 2024.2.4\bin\breakgen64.dll

dbghelp: loaded successfully - version: 4.0.5 - missing functions: none
symbol engine: initialized successfully - sym options: 0x614 - pdb path: .;C:\Users\admin\.jdks\corretto-11.0.25\bin;C:\WINDOWS\SYSTEM32;C:\WINDOWS\WinSxS\amd64_microsoft.windows.common-controls_6595b64144ccf1df_6.0.22621.4391_none_2715d37f73803e96;C:\Users\admin\.jdks\corretto-11.0.25\bin\server;C:\Program Files\JetBrains\IntelliJ IDEA Community Edition 2024.2.4\bin

VM Arguments:
jvm_args: -ea -Didea.test.cyclic.buffer.size=1048576 -javaagent:C:\Program Files\JetBrains\IntelliJ IDEA Community Edition 2024.2.4\lib\idea_rt.jar=65256:C:\Program Files\JetBrains\IntelliJ IDEA Community Edition 2024.2.4\bin -javaagent:C:\Users\admin\AppData\Local\JetBrains\IdeaIC2024.3\captureAgent\debugger-agent.jar -Dkotlinx.coroutines.debug.enable.creation.stack.trace=false -Ddebugger.agent.enable.coroutines=true -Dkotlinx.coroutines.debug.enable.flows.stack.trace=true -Dkotlinx.coroutines.debug.enable.mutable.state.flows.stack.trace=true -Dfile.encoding=UTF-8 
java_command: com.intellij.rt.junit.JUnitStarter -ideVersion5 -junit5 TestMts,someTest6
java_class_path (initial): C:\Users\admin\.m2\repository\org\junit\platform\junit-platform-launcher\1.11.3\junit-platform-launcher-1.11.3.jar;C:\Users\admin\.m2\repository\org\junit\platform\junit-platform-engine\1.11.3\junit-platform-engine-1.11.3.jar;C:\Users\admin\.m2\repository\org\junit\jupiter\junit-jupiter-engine\5.11.3\junit-jupiter-engine-5.11.3.jar;C:\Program Files\JetBrains\IntelliJ IDEA Community Edition 2024.2.4\lib\idea_rt.jar;C:\Program Files\JetBrains\IntelliJ IDEA Community Edition 2024.2.4\plugins\junit\lib\junit5-rt.jar;C:\Program Files\JetBrains\IntelliJ IDEA Community Edition 2024.2.4\plugins\junit\lib\junit-rt.jar;C:\Users\admin\IdeaProjects\MyProgect1\target\test-classes;C:\Users\admin\IdeaProjects\MyProgect1\target\classes;C:\Users\admin\.m2\repository\org\junit\jupiter\junit-jupiter-api\5.11.3\junit-jupiter-api-5.11.3.jar;C:\Users\admin\.m2\repository\org\opentest4j\opentest4j\1.3.0\opentest4j-1.3.0.jar;C:\Users\admin\.m2\repository\org\junit\platform\junit-platform-commons\1.11.3\junit-platform-commons-1.11.3.jar;C:\Users\admin\.m2\repository\org\apiguardian\apiguardian-api\1.1.2\apiguardian-api-1.1.2.jar;C:\Users\admin\.m2\repository\org\junit\jupiter\junit-jupiter-params\5.11.3\junit-jupiter-params-5.11.3.jar;C:\Users\admin\.m2\repository\org\testng\testng\7.10.2\testng-7.10.2.jar;C:\Users\admin\.m2\repository\org\slf4j\slf4j-api\1.7.36\slf4j-api-1.7.36.jar;C:\Users\admin\.m2\repository\com\beust\jcommander\1.82\jcommander-1.82.jar;C:\Users\admin\.m2\repository\org\webjars\jquery\3.7.1\jquery-3.7.1.jar;C:\Users\admin\.m2\repository\org\seleniumhq\selenium\selenium-java\4.27.0\selenium-java-4.27.0.jar;C:\Users\admin\.m2\repository\org\seleniumhq\selenium\selenium-api\4.27.0\selenium-api-4.27.0.jar;C:\Users\admin\.m2\repository\org\jspecify\jspecify\1.0.0\jspecify-1.0.0.jar;C:\Users\admin\.m2\repository\org\seleniumhq\selenium\selenium-chrome-driver\4.27.0\selenium-chrome-driver-4.27.0.jar;C:\Users\admin\.m2\repository\com\google\auto\ser
Launcher Type: SUN_STANDARD

[Global flags]
     intx CICompilerCount                          = 4                                         {product} {ergonomic}
     uint ConcGCThreads                            = 2                                         {product} {ergonomic}
     uint G1ConcRefinementThreads                  = 8                                         {product} {ergonomic}
   size_t G1HeapRegionSize                         = 1048576                                   {product} {ergonomic}
    uintx GCDrainStackTargetSize                   = 64                                        {product} {ergonomic}
   size_t InitialHeapSize                          = 134217728                                 {product} {ergonomic}
   size_t MarkStackSize                            = 4194304                                   {product} {ergonomic}
   size_t MaxHeapSize                              = 2118123520                                {product} {ergonomic}
   size_t MaxNewSize                               = 1270874112                                {product} {ergonomic}
   size_t MinHeapDeltaBytes                        = 1048576                                   {product} {ergonomic}
    uintx NonNMethodCodeHeapSize                   = 5836300                                {pd product} {ergonomic}
    uintx NonProfiledCodeHeapSize                  = 122910970                              {pd product} {ergonomic}
    uintx ProfiledCodeHeapSize                     = 122910970                              {pd product} {ergonomic}
    uintx ReservedCodeCacheSize                    = 251658240                              {pd product} {ergonomic}
     bool SegmentedCodeCache                       = true                                      {product} {ergonomic}
     bool UseCompressedClassPointers               = true                                 {lp64_product} {ergonomic}
     bool UseCompressedOops                        = true                                 {lp64_product} {ergonomic}
     bool UseG1GC                                  = true                                      {product} {ergonomic}
     bool UseLargePagesIndividualAllocation        = false                                  {pd product} {ergonomic}

Logging:
Log output configuration:
 #0: stdout all=warning uptime,level,tags
 #1: stderr all=off uptime,level,tags

Environment Variables:
PATH=C:\WINDOWS\system32;C:\WINDOWS;C:\WINDOWS\System32\Wbem;C:\WINDOWS\System32\WindowsPowerShell\v1.0\;C:\WINDOWS\System32\OpenSSH\;C:\Program Files\Microsoft SQL Server\Client SDK\ODBC\130\Tools\Binn\;C:\Program Files (x86)\Microsoft SQL Server\140\Tools\Binn\;C:\Program Files\Microsoft SQL Server\140\Tools\Binn\;C:\Program Files\Microsoft SQL Server\140\DTS\Binn\;C:\Program Files (x86)\Microsoft SQL Server\160\DTS\Binn\;C:\Program Files\Git\cmd;C:\Program Files\MySQL\MySQL Shell 8.0\bin\;C:\Users\admin\AppData\Local\Microsoft\WindowsApps;C:\Users\admin\AppData\Local\Programs\Microsoft VS Code\bin
USERNAME=admin
OS=Windows_NT
PROCESSOR_IDENTIFIER=Intel64 Family 6 Model 142 Stepping 12, GenuineIntel
TMP=C:\Users\admin\AppData\Local\Temp
TEMP=C:\Users\admin\AppData\Local\Temp



---------------  S Y S T E M  ---------------

OS: Windows 11 , 64 bit Build 22621 (10.0.22621.4391)
OS uptime: 0 days 23:54 hours
Hyper-V role detected

CPU:total 8 (initial active 8) (4 cores per cpu, 2 threads per core) family 6 model 142 stepping 12 microcode 0xde, cmov, cx8, fxsr, mmx, sse, sse2, sse3, ssse3, sse4.1, sse4.2, popcnt, avx, avx2, aes, clmul, erms, 3dnowpref, lzcnt, ht, tsc, tscinvbit, bmi1, bmi2, adx, fma

Memory: 4k page, system-wide physical 8074M (672M free)
TotalPageFile size 19262M (AvailPageFile size 0M)
current process WorkingSet (physical memory assigned to process): 68M, peak: 68M
current process commit charge ("private bytes"): 223M, peak: 223M

vm_info: OpenJDK 64-Bit Server VM (11.0.25+9-LTS) for windows-amd64 JRE (11.0.25+9-LTS), built on Oct 10 2024 00:01:59 by "Administrator" with MS VC++ 16.10 / 16.11 (VS2019)

END.
