#
# There is insufficient memory for the Java Runtime Environment to continue.
# Native memory allocation (malloc) failed to allocate 777616 bytes for Chunk::new
# Possible reasons:
#   The system is out of physical RAM or swap space
#   The process is running with CompressedOops enabled, and the Java Heap may be blocking the growth of the native heap
# Possible solutions:
#   Reduce memory load on the system
#   Increase physical memory or swap space
#   Check if swap backing store is full
#   Decrease Java heap size (-Xmx/-Xms)
#   Decrease number of Java threads
#   Decrease Java thread stack sizes (-Xss)
#   Set larger code cache with -XX:ReservedCodeCacheSize=
#   JVM is running with Unscaled Compressed Oops mode in which the Java heap is
#     placed in the first 4GB address space. The Java Heap base address is the
#     maximum limit for the native heap growth. Please use -XX:HeapBaseMinAddress
#     to set the Java Heap base and to place the Java Heap above 4GB virtual address.
# This output file may be truncated or incomplete.
#
#  Out of Memory Error (arena.cpp:197), pid=14772, tid=15672
#
# JRE version: OpenJDK Runtime Environment Corretto-11.0.25.9.1 (11.0.25+9) (build 11.0.25+9-LTS)
# Java VM: OpenJDK 64-Bit Server VM Corretto-11.0.25.9.1 (11.0.25+9-LTS, mixed mode, tiered, compressed oops, g1 gc, windows-amd64)
# No core dump will be written. Minidumps are not enabled by default on client versions of Windows
#

---------------  S U M M A R Y ------------

Command Line: -ea -Didea.test.cyclic.buffer.size=1048576 -javaagent:C:\Program Files\JetBrains\IntelliJ IDEA Community Edition 2024.2.4\lib\idea_rt.jar=65296:C:\Program Files\JetBrains\IntelliJ IDEA Community Edition 2024.2.4\bin -javaagent:C:\Users\admin\AppData\Local\JetBrains\IdeaIC2024.3\captureAgent\debugger-agent.jar -Dkotlinx.coroutines.debug.enable.creation.stack.trace=false -Ddebugger.agent.enable.coroutines=true -Dkotlinx.coroutines.debug.enable.flows.stack.trace=true -Dkotlinx.coroutines.debug.enable.mutable.state.flows.stack.trace=true -Dfile.encoding=UTF-8 com.intellij.rt.junit.JUnitStarter -ideVersion5 -junit5 TestMts,someTest6

Host: Intel(R) Core(TM) i5-8265U CPU @ 1.60GHz, 8 cores, 7G,  Windows 11 , 64 bit Build 22621 (10.0.22621.4391)
Time: Wed Dec 25 01:15:39 2024  Windows 11 , 64 bit Build 22621 (10.0.22621.4391) elapsed time: 4.205090 seconds (0d 0h 0m 4s)

---------------  T H R E A D  ---------------

Current thread (0x000002477f764800):  JavaThread "C2 CompilerThread0" daemon [_thread_in_native, id=15672, stack(0x000000e971a00000,0x000000e971b00000)]


Current CompileTask:
C2:   4205 2113       4       java.lang.invoke.InvokerBytecodeGenerator::emitImplicitConversion (159 bytes)

Stack: [0x000000e971a00000,0x000000e971b00000]
Native frames: (J=compiled Java code, j=interpreted, Vv=VM code, C=native code)
V  [jvm.dll+0x64644a]
V  [jvm.dll+0x7daca9]
V  [jvm.dll+0x7dc3a9]
V  [jvm.dll+0x7dca93]
V  [jvm.dll+0x269da5]
V  [jvm.dll+0xc217c]
V  [jvm.dll+0xc272c]
V  [jvm.dll+0x37a297]
V  [jvm.dll+0x344fd5]
V  [jvm.dll+0x3443aa]
V  [jvm.dll+0x221dff]
V  [jvm.dll+0x220e08]
V  [jvm.dll+0x19ea01]
V  [jvm.dll+0x230cb9]
V  [jvm.dll+0x22ee2f]
V  [jvm.dll+0x79bed1]
V  [jvm.dll+0x794ba4]
V  [jvm.dll+0x645205]
C  [ucrtbase.dll+0x29333]
C  [KERNEL32.DLL+0x1259d]
C  [ntdll.dll+0x5af38]


---------------  P R O C E S S  ---------------

Threads class SMR info:
_java_thread_list=0x00000247050db0f0, length=29, elements={
0x0000024763d0a000, 0x000002477edeb800, 0x000002477edf5800, 0x000002477f75b000,
0x000002477f75c000, 0x000002477f761800, 0x000002477f764800, 0x000002477f770800,
0x000002477f779800, 0x000002477ed81000, 0x000002477fa00000, 0x0000024704e65800,
0x0000024704e83000, 0x0000024705695000, 0x00000247056ad000, 0x00000247056ad800,
0x00000247056af000, 0x0000024705f66000, 0x00000247056fc800, 0x00000247056fa800,
0x00000247056ff800, 0x00000247056fd000, 0x0000024705700800, 0x00000247056fe000,
0x00000247056ff000, 0x0000024705701000, 0x00000247056fb800, 0x000002470679f800,
0x000002477f76d800
}

Java Threads: ( => current thread )
  0x0000024763d0a000 JavaThread "main" [_thread_blocked, id=4196, stack(0x000000e970e00000,0x000000e970f00000)]
  0x000002477edeb800 JavaThread "Reference Handler" daemon [_thread_blocked, id=8152, stack(0x000000e971500000,0x000000e971600000)]
  0x000002477edf5800 JavaThread "Finalizer" daemon [_thread_blocked, id=8144, stack(0x000000e971600000,0x000000e971700000)]
  0x000002477f75b000 JavaThread "Signal Dispatcher" daemon [_thread_blocked, id=17196, stack(0x000000e971700000,0x000000e971800000)]
  0x000002477f75c000 JavaThread "Attach Listener" daemon [_thread_blocked, id=10772, stack(0x000000e971800000,0x000000e971900000)]
  0x000002477f761800 JavaThread "Service Thread" daemon [_thread_blocked, id=12904, stack(0x000000e971900000,0x000000e971a00000)]
=>0x000002477f764800 JavaThread "C2 CompilerThread0" daemon [_thread_in_native, id=15672, stack(0x000000e971a00000,0x000000e971b00000)]
  0x000002477f770800 JavaThread "C1 CompilerThread0" daemon [_thread_blocked, id=13916, stack(0x000000e971b00000,0x000000e971c00000)]
  0x000002477f779800 JavaThread "Sweeper thread" daemon [_thread_blocked, id=10908, stack(0x000000e971c00000,0x000000e971d00000)]
  0x000002477ed81000 JavaThread "Common-Cleaner" daemon [_thread_blocked, id=5104, stack(0x000000e971d00000,0x000000e971e00000)]
  0x000002477fa00000 JavaThread "Monitor Ctrl-Break" daemon [_thread_in_native, id=3604, stack(0x000000e971f00000,0x000000e972000000)]
  0x0000024704e65800 JavaThread "ForkJoinPool.commonPool-worker-3" daemon [_thread_blocked, id=11752, stack(0x000000e971e00000,0x000000e971f00000)]
  0x0000024704e83000 JavaThread "HttpClient-1-SelectorManager" daemon [_thread_in_native, id=3552, stack(0x000000e972300000,0x000000e972400000)]
  0x0000024705695000 JavaThread "External Process Output Forwarder - C:\Users\admin\.cache\selenium\chromedriver\win64\131.0.6778.204\chromedriver.exe" daemon [_thread_in_native, id=14544, stack(0x000000e972400000,0x000000e972500000)]
  0x00000247056ad000 JavaThread "Driver Service Executor" daemon [_thread_blocked, id=17768, stack(0x000000e972500000,0x000000e972600000)]
  0x00000247056ad800 JavaThread "Driver Service Executor" daemon [_thread_in_native, id=10960, stack(0x000000e972600000,0x000000e972700000)]
  0x00000247056af000 JavaThread "UrlChecker-2" daemon [_thread_blocked, id=6936, stack(0x000000e972700000,0x000000e972800000)]
  0x0000024705f66000 JavaThread "Keep-Alive-Timer" daemon [_thread_blocked, id=9108, stack(0x000000e972900000,0x000000e972a00000)]
  0x00000247056fc800 JavaThread "JdkHttpClient-0-0" daemon [_thread_blocked, id=19076, stack(0x000000e972b00000,0x000000e972c00000)]
  0x00000247056fa800 JavaThread "CompletableFutureDelayScheduler" daemon [_thread_blocked, id=1528, stack(0x000000e972c00000,0x000000e972d00000)]
  0x00000247056ff800 JavaThread "JdkHttpClient-0-1" daemon [_thread_blocked, id=3716, stack(0x000000e972e00000,0x000000e972f00000)]
  0x00000247056fd000 JavaThread "JdkHttpClient-0-2" daemon [_thread_blocked, id=8696, stack(0x000000e972f00000,0x000000e973000000)]
  0x0000024705700800 JavaThread "JdkHttpClient-0-3" daemon [_thread_blocked, id=6124, stack(0x000000e973000000,0x000000e973100000)]
  0x00000247056fe000 JavaThread "HttpClient-2-SelectorManager" daemon [_thread_in_native, id=5776, stack(0x000000e973100000,0x000000e973200000)]
  0x00000247056ff000 JavaThread "JdkHttpClient-1-0" daemon [_thread_blocked, id=11304, stack(0x000000e973200000,0x000000e973300000)]
  0x0000024705701000 JavaThread "JdkHttpClient-1-1" daemon [_thread_blocked, id=6792, stack(0x000000e973300000,0x000000e973400000)]
  0x00000247056fb800 JavaThread "JdkHttpClient-1-2" daemon [_thread_blocked, id=14848, stack(0x000000e973400000,0x000000e973500000)]
  0x000002470679f800 JavaThread "JdkHttpClient-1-3" daemon [_thread_blocked, id=3596, stack(0x000000e973500000,0x000000e973600000)]
  0x000002477f76d800 JavaThread "C2 CompilerThread1" daemon [_thread_in_native, id=5800, stack(0x000000e972d00000,0x000000e972e00000)]

Other Threads:
  0x000002477edc4800 VMThread "VM Thread" [stack: 0x000000e971400000,0x000000e971500000] [id=4812]
  0x000002470401c000 WatcherThread [stack: 0x000000e972000000,0x000000e972100000] [id=4492]
  0x0000024763d25000 GCTaskThread "GC Thread#0" [stack: 0x000000e970f00000,0x000000e971000000] [id=8876]
  0x0000024704c5b000 GCTaskThread "GC Thread#1" [stack: 0x000000e972100000,0x000000e972200000] [id=12096]
  0x0000024704c5e000 GCTaskThread "GC Thread#2" [stack: 0x000000e972200000,0x000000e972300000] [id=15548]
  0x0000024763d57000 ConcurrentGCThread "G1 Main Marker" [stack: 0x000000e971000000,0x000000e971100000] [id=2420]
  0x0000024763d59000 ConcurrentGCThread "G1 Conc#0" [stack: 0x000000e971100000,0x000000e971200000] [id=16388]
  0x0000024704cd1000 ConcurrentGCThread "G1 Conc#1" [stack: 0x000000e972a00000,0x000000e972b00000] [id=6132]
  0x000002477ec2a800 ConcurrentGCThread "G1 Refine#0" [stack: 0x000000e971200000,0x000000e971300000] [id=2192]
  0x000002477ec2b800 ConcurrentGCThread "G1 Young RemSet Sampling" [stack: 0x000000e971300000,0x000000e971400000] [id=9864]

Threads with active compile tasks:
C2 CompilerThread0     4235 2113       4       java.lang.invoke.InvokerBytecodeGenerator::emitImplicitConversion (159 bytes)
C2 CompilerThread1     4235 2115       4       java.lang.invoke.InvokerBytecodeGenerator::emitPushArgument (120 bytes)

VM state:not at safepoint (normal execution)

VM Mutex/Monitor currently owned by a thread: None

Heap address: 0x0000000081c00000, size: 2020 MB, Compressed Oops mode: 32-bit
Narrow klass base: 0x0000000000000000, Narrow klass shift: 3
Compressed class space size: 1073741824 Address: 0x0000000100000000

Heap:
 garbage-first heap   total 131072K, used 22850K [0x0000000081c00000, 0x0000000100000000)
  region size 1024K, 22 young (22528K), 6 survivors (6144K)
 Metaspace       used 23463K, capacity 24754K, committed 25088K, reserved 1071104K
  class space    used 2710K, capacity 3248K, committed 3328K, reserved 1048576K
Heap Regions: E=young(eden), S=young(survivor), O=old, HS=humongous(starts), HC=humongous(continues), CS=collection set, F=free, A=archive, TAMS=top-at-mark-start (previous, next)
|   0|0x0000000081c00000, 0x0000000081d00000, 0x0000000081d00000|100%|HS|  |TAMS 0x0000000081d00000, 0x0000000081c00000| Complete 
|   1|0x0000000081d00000, 0x0000000081da5400, 0x0000000081e00000| 64%| O|  |TAMS 0x0000000081da5400, 0x0000000081d00000| Untracked 
|   2|0x0000000081e00000, 0x0000000081e00000, 0x0000000081f00000|  0%| F|  |TAMS 0x0000000081e00000, 0x0000000081e00000| Untracked 
|   3|0x0000000081f00000, 0x0000000081f00000, 0x0000000082000000|  0%| F|  |TAMS 0x0000000081f00000, 0x0000000081f00000| Untracked 
|   4|0x0000000082000000, 0x0000000082000000, 0x0000000082100000|  0%| F|  |TAMS 0x0000000082000000, 0x0000000082000000| Untracked 
|   5|0x0000000082100000, 0x0000000082100000, 0x0000000082200000|  0%| F|  |TAMS 0x0000000082100000, 0x0000000082100000| Untracked 
|   6|0x0000000082200000, 0x0000000082200000, 0x0000000082300000|  0%| F|  |TAMS 0x0000000082200000, 0x0000000082200000| Untracked 
|   7|0x0000000082300000, 0x0000000082300000, 0x0000000082400000|  0%| F|  |TAMS 0x0000000082300000, 0x0000000082300000| Untracked 
|   8|0x0000000082400000, 0x0000000082400000, 0x0000000082500000|  0%| F|  |TAMS 0x0000000082400000, 0x0000000082400000| Untracked 
|   9|0x0000000082500000, 0x0000000082500000, 0x0000000082600000|  0%| F|  |TAMS 0x0000000082500000, 0x0000000082500000| Untracked 
|  10|0x0000000082600000, 0x0000000082600000, 0x0000000082700000|  0%| F|  |TAMS 0x0000000082600000, 0x0000000082600000| Untracked 
|  11|0x0000000082700000, 0x0000000082700000, 0x0000000082800000|  0%| F|  |TAMS 0x0000000082700000, 0x0000000082700000| Untracked 
|  12|0x0000000082800000, 0x0000000082800000, 0x0000000082900000|  0%| F|  |TAMS 0x0000000082800000, 0x0000000082800000| Untracked 
|  13|0x0000000082900000, 0x0000000082900000, 0x0000000082a00000|  0%| F|  |TAMS 0x0000000082900000, 0x0000000082900000| Untracked 
|  14|0x0000000082a00000, 0x0000000082a00000, 0x0000000082b00000|  0%| F|  |TAMS 0x0000000082a00000, 0x0000000082a00000| Untracked 
|  15|0x0000000082b00000, 0x0000000082b00000, 0x0000000082c00000|  0%| F|  |TAMS 0x0000000082b00000, 0x0000000082b00000| Untracked 
|  16|0x0000000082c00000, 0x0000000082c00000, 0x0000000082d00000|  0%| F|  |TAMS 0x0000000082c00000, 0x0000000082c00000| Untracked 
|  17|0x0000000082d00000, 0x0000000082d00000, 0x0000000082e00000|  0%| F|  |TAMS 0x0000000082d00000, 0x0000000082d00000| Untracked 
|  18|0x0000000082e00000, 0x0000000082e00000, 0x0000000082f00000|  0%| F|  |TAMS 0x0000000082e00000, 0x0000000082e00000| Untracked 
|  19|0x0000000082f00000, 0x0000000082f00000, 0x0000000083000000|  0%| F|  |TAMS 0x0000000082f00000, 0x0000000082f00000| Untracked 
|  20|0x0000000083000000, 0x0000000083000000, 0x0000000083100000|  0%| F|  |TAMS 0x0000000083000000, 0x0000000083000000| Untracked 
|  21|0x0000000083100000, 0x0000000083100000, 0x0000000083200000|  0%| F|  |TAMS 0x0000000083100000, 0x0000000083100000| Untracked 
|  22|0x0000000083200000, 0x0000000083200000, 0x0000000083300000|  0%| F|  |TAMS 0x0000000083200000, 0x0000000083200000| Untracked 
|  23|0x0000000083300000, 0x0000000083300000, 0x0000000083400000|  0%| F|  |TAMS 0x0000000083300000, 0x0000000083300000| Untracked 
|  24|0x0000000083400000, 0x0000000083400000, 0x0000000083500000|  0%| F|  |TAMS 0x0000000083400000, 0x0000000083400000| Untracked 
|  25|0x0000000083500000, 0x0000000083500000, 0x0000000083600000|  0%| F|  |TAMS 0x0000000083500000, 0x0000000083500000| Untracked 
|  26|0x0000000083600000, 0x0000000083600000, 0x0000000083700000|  0%| F|  |TAMS 0x0000000083600000, 0x0000000083600000| Untracked 
|  27|0x0000000083700000, 0x0000000083700000, 0x0000000083800000|  0%| F|  |TAMS 0x0000000083700000, 0x0000000083700000| Untracked 
|  28|0x0000000083800000, 0x0000000083800000, 0x0000000083900000|  0%| F|  |TAMS 0x0000000083800000, 0x0000000083800000| Untracked 
|  29|0x0000000083900000, 0x0000000083900000, 0x0000000083a00000|  0%| F|  |TAMS 0x0000000083900000, 0x0000000083900000| Untracked 
|  30|0x0000000083a00000, 0x0000000083a00000, 0x0000000083b00000|  0%| F|  |TAMS 0x0000000083a00000, 0x0000000083a00000| Untracked 
|  31|0x0000000083b00000, 0x0000000083b00000, 0x0000000083c00000|  0%| F|  |TAMS 0x0000000083b00000, 0x0000000083b00000| Untracked 
|  32|0x0000000083c00000, 0x0000000083c00000, 0x0000000083d00000|  0%| F|  |TAMS 0x0000000083c00000, 0x0000000083c00000| Untracked 
|  33|0x0000000083d00000, 0x0000000083d00000, 0x0000000083e00000|  0%| F|  |TAMS 0x0000000083d00000, 0x0000000083d00000| Untracked 
|  34|0x0000000083e00000, 0x0000000083e00000, 0x0000000083f00000|  0%| F|  |TAMS 0x0000000083e00000, 0x0000000083e00000| Untracked 
|  35|0x0000000083f00000, 0x0000000083f00000, 0x0000000084000000|  0%| F|  |TAMS 0x0000000083f00000, 0x0000000083f00000| Untracked 
|  36|0x0000000084000000, 0x0000000084000000, 0x0000000084100000|  0%| F|  |TAMS 0x0000000084000000, 0x0000000084000000| Untracked 
|  37|0x0000000084100000, 0x0000000084100000, 0x0000000084200000|  0%| F|  |TAMS 0x0000000084100000, 0x0000000084100000| Untracked 
|  38|0x0000000084200000, 0x0000000084200000, 0x0000000084300000|  0%| F|  |TAMS 0x0000000084200000, 0x0000000084200000| Untracked 
|  39|0x0000000084300000, 0x0000000084300000, 0x0000000084400000|  0%| F|  |TAMS 0x0000000084300000, 0x0000000084300000| Untracked 
|  40|0x0000000084400000, 0x0000000084400000, 0x0000000084500000|  0%| F|  |TAMS 0x0000000084400000, 0x0000000084400000| Untracked 
|  41|0x0000000084500000, 0x0000000084500000, 0x0000000084600000|  0%| F|  |TAMS 0x0000000084500000, 0x0000000084500000| Untracked 
|  42|0x0000000084600000, 0x0000000084600000, 0x0000000084700000|  0%| F|  |TAMS 0x0000000084600000, 0x0000000084600000| Untracked 
|  43|0x0000000084700000, 0x0000000084700000, 0x0000000084800000|  0%| F|  |TAMS 0x0000000084700000, 0x0000000084700000| Untracked 
|  44|0x0000000084800000, 0x0000000084800000, 0x0000000084900000|  0%| F|  |TAMS 0x0000000084800000, 0x0000000084800000| Untracked 
|  45|0x0000000084900000, 0x0000000084900000, 0x0000000084a00000|  0%| F|  |TAMS 0x0000000084900000, 0x0000000084900000| Untracked 
|  46|0x0000000084a00000, 0x0000000084a00000, 0x0000000084b00000|  0%| F|  |TAMS 0x0000000084a00000, 0x0000000084a00000| Untracked 
|  47|0x0000000084b00000, 0x0000000084b00000, 0x0000000084c00000|  0%| F|  |TAMS 0x0000000084b00000, 0x0000000084b00000| Untracked 
|  48|0x0000000084c00000, 0x0000000084c00000, 0x0000000084d00000|  0%| F|  |TAMS 0x0000000084c00000, 0x0000000084c00000| Untracked 
|  49|0x0000000084d00000, 0x0000000084d00000, 0x0000000084e00000|  0%| F|  |TAMS 0x0000000084d00000, 0x0000000084d00000| Untracked 
|  50|0x0000000084e00000, 0x0000000084e00000, 0x0000000084f00000|  0%| F|  |TAMS 0x0000000084e00000, 0x0000000084e00000| Untracked 
|  51|0x0000000084f00000, 0x0000000084f00000, 0x0000000085000000|  0%| F|  |TAMS 0x0000000084f00000, 0x0000000084f00000| Untracked 
|  52|0x0000000085000000, 0x0000000085000000, 0x0000000085100000|  0%| F|  |TAMS 0x0000000085000000, 0x0000000085000000| Untracked 
|  53|0x0000000085100000, 0x0000000085100000, 0x0000000085200000|  0%| F|  |TAMS 0x0000000085100000, 0x0000000085100000| Untracked 
|  54|0x0000000085200000, 0x0000000085200000, 0x0000000085300000|  0%| F|  |TAMS 0x0000000085200000, 0x0000000085200000| Untracked 
|  55|0x0000000085300000, 0x0000000085300000, 0x0000000085400000|  0%| F|  |TAMS 0x0000000085300000, 0x0000000085300000| Untracked 
|  56|0x0000000085400000, 0x0000000085400000, 0x0000000085500000|  0%| F|  |TAMS 0x0000000085400000, 0x0000000085400000| Untracked 
|  57|0x0000000085500000, 0x0000000085500000, 0x0000000085600000|  0%| F|  |TAMS 0x0000000085500000, 0x0000000085500000| Untracked 
|  58|0x0000000085600000, 0x0000000085600000, 0x0000000085700000|  0%| F|  |TAMS 0x0000000085600000, 0x0000000085600000| Untracked 
|  59|0x0000000085700000, 0x0000000085700000, 0x0000000085800000|  0%| F|  |TAMS 0x0000000085700000, 0x0000000085700000| Untracked 
|  60|0x0000000085800000, 0x0000000085800000, 0x0000000085900000|  0%| F|  |TAMS 0x0000000085800000, 0x0000000085800000| Untracked 
|  61|0x0000000085900000, 0x0000000085900000, 0x0000000085a00000|  0%| F|  |TAMS 0x0000000085900000, 0x0000000085900000| Untracked 
|  62|0x0000000085a00000, 0x0000000085a00000, 0x0000000085b00000|  0%| F|  |TAMS 0x0000000085a00000, 0x0000000085a00000| Untracked 
|  63|0x0000000085b00000, 0x0000000085b00000, 0x0000000085c00000|  0%| F|  |TAMS 0x0000000085b00000, 0x0000000085b00000| Untracked 
|  64|0x0000000085c00000, 0x0000000085c00000, 0x0000000085d00000|  0%| F|  |TAMS 0x0000000085c00000, 0x0000000085c00000| Untracked 
|  65|0x0000000085d00000, 0x0000000085d00000, 0x0000000085e00000|  0%| F|  |TAMS 0x0000000085d00000, 0x0000000085d00000| Untracked 
|  66|0x0000000085e00000, 0x0000000085e00000, 0x0000000085f00000|  0%| F|  |TAMS 0x0000000085e00000, 0x0000000085e00000| Untracked 
|  67|0x0000000085f00000, 0x0000000085f00000, 0x0000000086000000|  0%| F|  |TAMS 0x0000000085f00000, 0x0000000085f00000| Untracked 
|  68|0x0000000086000000, 0x0000000086000000, 0x0000000086100000|  0%| F|  |TAMS 0x0000000086000000, 0x0000000086000000| Untracked 
|  69|0x0000000086100000, 0x0000000086100000, 0x0000000086200000|  0%| F|  |TAMS 0x0000000086100000, 0x0000000086100000| Untracked 
|  70|0x0000000086200000, 0x0000000086200000, 0x0000000086300000|  0%| F|  |TAMS 0x0000000086200000, 0x0000000086200000| Untracked 
|  71|0x0000000086300000, 0x0000000086300000, 0x0000000086400000|  0%| F|  |TAMS 0x0000000086300000, 0x0000000086300000| Untracked 
|  72|0x0000000086400000, 0x0000000086400000, 0x0000000086500000|  0%| F|  |TAMS 0x0000000086400000, 0x0000000086400000| Untracked 
|  73|0x0000000086500000, 0x0000000086500000, 0x0000000086600000|  0%| F|  |TAMS 0x0000000086500000, 0x0000000086500000| Untracked 
|  74|0x0000000086600000, 0x0000000086600000, 0x0000000086700000|  0%| F|  |TAMS 0x0000000086600000, 0x0000000086600000| Untracked 
|  75|0x0000000086700000, 0x0000000086700000, 0x0000000086800000|  0%| F|  |TAMS 0x0000000086700000, 0x0000000086700000| Untracked 
|  76|0x0000000086800000, 0x0000000086800000, 0x0000000086900000|  0%| F|  |TAMS 0x0000000086800000, 0x0000000086800000| Untracked 
|  77|0x0000000086900000, 0x0000000086900000, 0x0000000086a00000|  0%| F|  |TAMS 0x0000000086900000, 0x0000000086900000| Untracked 
|  78|0x0000000086a00000, 0x0000000086a00000, 0x0000000086b00000|  0%| F|  |TAMS 0x0000000086a00000, 0x0000000086a00000| Untracked 
|  79|0x0000000086b00000, 0x0000000086b00000, 0x0000000086c00000|  0%| F|  |TAMS 0x0000000086b00000, 0x0000000086b00000| Untracked 
|  80|0x0000000086c00000, 0x0000000086c00000, 0x0000000086d00000|  0%| F|  |TAMS 0x0000000086c00000, 0x0000000086c00000| Untracked 
|  81|0x0000000086d00000, 0x0000000086d00000, 0x0000000086e00000|  0%| F|  |TAMS 0x0000000086d00000, 0x0000000086d00000| Untracked 
|  82|0x0000000086e00000, 0x0000000086e00000, 0x0000000086f00000|  0%| F|  |TAMS 0x0000000086e00000, 0x0000000086e00000| Untracked 
|  83|0x0000000086f00000, 0x0000000086f00000, 0x0000000087000000|  0%| F|  |TAMS 0x0000000086f00000, 0x0000000086f00000| Untracked 
|  84|0x0000000087000000, 0x0000000087000000, 0x0000000087100000|  0%| F|  |TAMS 0x0000000087000000, 0x0000000087000000| Untracked 
|  85|0x0000000087100000, 0x0000000087100000, 0x0000000087200000|  0%| F|  |TAMS 0x0000000087100000, 0x0000000087100000| Untracked 
|  86|0x0000000087200000, 0x0000000087200000, 0x0000000087300000|  0%| F|  |TAMS 0x0000000087200000, 0x0000000087200000| Untracked 
|  87|0x0000000087300000, 0x0000000087300000, 0x0000000087400000|  0%| F|  |TAMS 0x0000000087300000, 0x0000000087300000| Untracked 
|  88|0x0000000087400000, 0x0000000087400000, 0x0000000087500000|  0%| F|  |TAMS 0x0000000087400000, 0x0000000087400000| Untracked 
|  89|0x0000000087500000, 0x0000000087500000, 0x0000000087600000|  0%| F|  |TAMS 0x0000000087500000, 0x0000000087500000| Untracked 
|  90|0x0000000087600000, 0x0000000087600000, 0x0000000087700000|  0%| F|  |TAMS 0x0000000087600000, 0x0000000087600000| Untracked 
|  91|0x0000000087700000, 0x0000000087700000, 0x0000000087800000|  0%| F|  |TAMS 0x0000000087700000, 0x0000000087700000| Untracked 
|  92|0x0000000087800000, 0x0000000087800000, 0x0000000087900000|  0%| F|  |TAMS 0x0000000087800000, 0x0000000087800000| Untracked 
|  93|0x0000000087900000, 0x0000000087900000, 0x0000000087a00000|  0%| F|  |TAMS 0x0000000087900000, 0x0000000087900000| Untracked 
|  94|0x0000000087a00000, 0x0000000087aab570, 0x0000000087b00000| 66%| S|CS|TAMS 0x0000000087a00000, 0x0000000087a00000| Complete 
|  95|0x0000000087b00000, 0x0000000087c00000, 0x0000000087c00000|100%| S|CS|TAMS 0x0000000087b00000, 0x0000000087b00000| Complete 
|  96|0x0000000087c00000, 0x0000000087d00000, 0x0000000087d00000|100%| S|CS|TAMS 0x0000000087c00000, 0x0000000087c00000| Complete 
|  97|0x0000000087d00000, 0x0000000087e00000, 0x0000000087e00000|100%| S|CS|TAMS 0x0000000087d00000, 0x0000000087d00000| Complete 
|  98|0x0000000087e00000, 0x0000000087f00000, 0x0000000087f00000|100%| S|CS|TAMS 0x0000000087e00000, 0x0000000087e00000| Complete 
|  99|0x0000000087f00000, 0x0000000088000000, 0x0000000088000000|100%| S|CS|TAMS 0x0000000087f00000, 0x0000000087f00000| Complete 
| 100|0x0000000088000000, 0x0000000088000000, 0x0000000088100000|  0%| F|  |TAMS 0x0000000088000000, 0x0000000088000000| Untracked 
| 101|0x0000000088100000, 0x0000000088100000, 0x0000000088200000|  0%| F|  |TAMS 0x0000000088100000, 0x0000000088100000| Untracked 
| 102|0x0000000088200000, 0x0000000088200000, 0x0000000088300000|  0%| F|  |TAMS 0x0000000088200000, 0x0000000088200000| Untracked 
| 103|0x0000000088300000, 0x0000000088300000, 0x0000000088400000|  0%| F|  |TAMS 0x0000000088300000, 0x0000000088300000| Untracked 
| 104|0x0000000088400000, 0x0000000088400000, 0x0000000088500000|  0%| F|  |TAMS 0x0000000088400000, 0x0000000088400000| Untracked 
| 105|0x0000000088500000, 0x0000000088500000, 0x0000000088600000|  0%| F|  |TAMS 0x0000000088500000, 0x0000000088500000| Untracked 
| 106|0x0000000088600000, 0x0000000088600000, 0x0000000088700000|  0%| F|  |TAMS 0x0000000088600000, 0x0000000088600000| Untracked 
| 107|0x0000000088700000, 0x0000000088700000, 0x0000000088800000|  0%| F|  |TAMS 0x0000000088700000, 0x0000000088700000| Untracked 
| 108|0x0000000088800000, 0x0000000088800000, 0x0000000088900000|  0%| F|  |TAMS 0x0000000088800000, 0x0000000088800000| Untracked 
| 109|0x0000000088900000, 0x0000000088900000, 0x0000000088a00000|  0%| F|  |TAMS 0x0000000088900000, 0x0000000088900000| Untracked 
| 110|0x0000000088a00000, 0x0000000088a00000, 0x0000000088b00000|  0%| F|  |TAMS 0x0000000088a00000, 0x0000000088a00000| Untracked 
| 111|0x0000000088b00000, 0x0000000088b00000, 0x0000000088c00000|  0%| F|  |TAMS 0x0000000088b00000, 0x0000000088b00000| Untracked 
| 112|0x0000000088c00000, 0x0000000088c00800, 0x0000000088d00000|  0%| E|  |TAMS 0x0000000088c00000, 0x0000000088c00000| Complete 
| 113|0x0000000088d00000, 0x0000000088e00000, 0x0000000088e00000|100%| E|CS|TAMS 0x0000000088d00000, 0x0000000088d00000| Complete 
| 114|0x0000000088e00000, 0x0000000088f00000, 0x0000000088f00000|100%| E|CS|TAMS 0x0000000088e00000, 0x0000000088e00000| Complete 
| 115|0x0000000088f00000, 0x0000000089000000, 0x0000000089000000|100%| E|CS|TAMS 0x0000000088f00000, 0x0000000088f00000| Complete 
| 116|0x0000000089000000, 0x0000000089100000, 0x0000000089100000|100%| E|CS|TAMS 0x0000000089000000, 0x0000000089000000| Complete 
| 117|0x0000000089100000, 0x0000000089200000, 0x0000000089200000|100%| E|CS|TAMS 0x0000000089100000, 0x0000000089100000| Complete 
| 118|0x0000000089200000, 0x0000000089300000, 0x0000000089300000|100%| E|CS|TAMS 0x0000000089200000, 0x0000000089200000| Complete 
| 119|0x0000000089300000, 0x0000000089400000, 0x0000000089400000|100%| E|CS|TAMS 0x0000000089300000, 0x0000000089300000| Complete 
| 120|0x0000000089400000, 0x0000000089500000, 0x0000000089500000|100%| E|CS|TAMS 0x0000000089400000, 0x0000000089400000| Complete 
| 121|0x0000000089500000, 0x0000000089600000, 0x0000000089600000|100%| E|CS|TAMS 0x0000000089500000, 0x0000000089500000| Complete 
| 122|0x0000000089600000, 0x0000000089700000, 0x0000000089700000|100%| E|CS|TAMS 0x0000000089600000, 0x0000000089600000| Complete 
| 123|0x0000000089700000, 0x0000000089800000, 0x0000000089800000|100%| E|CS|TAMS 0x0000000089700000, 0x0000000089700000| Complete 
| 124|0x0000000089800000, 0x0000000089900000, 0x0000000089900000|100%| E|CS|TAMS 0x0000000089800000, 0x0000000089800000| Complete 
| 125|0x0000000089900000, 0x0000000089a00000, 0x0000000089a00000|100%| E|CS|TAMS 0x0000000089900000, 0x0000000089900000| Complete 
| 126|0x0000000089a00000, 0x0000000089b00000, 0x0000000089b00000|100%| E|CS|TAMS 0x0000000089a00000, 0x0000000089a00000| Complete 
| 127|0x0000000089b00000, 0x0000000089c00000, 0x0000000089c00000|100%| E|CS|TAMS 0x0000000089b00000, 0x0000000089b00000| Complete 

Card table byte_map: [0x000002477bbd0000,0x000002477bfd0000] _byte_map_base: 0x000002477b7c2000

Marking Bits (Prev, Next): (CMBitMap*) 0x0000024763d4e220, (CMBitMap*) 0x0000024763d4e1e8
 Prev Bits: [0x0000024700000000, 0x0000024701f90000)
 Next Bits: [0x000002477c3d0000, 0x000002477e360000)

Polling page: 0x0000024761c60000

Metaspace:

Usage:
  Non-class:     21.00 MB capacity,    20.27 MB ( 96%) used,   610.25 KB (  3%) free+waste,   143.19 KB ( <1%) overhead. 
      Class:      3.17 MB capacity,     2.65 MB ( 83%) used,   463.75 KB ( 14%) free+waste,    73.62 KB (  2%) overhead. 
       Both:     24.17 MB capacity,    22.91 MB ( 95%) used,     1.05 MB (  4%) free+waste,   216.81 KB ( <1%) overhead. 

Virtual space:
  Non-class space:       22.00 MB reserved,      21.25 MB ( 97%) committed 
      Class space:        1.00 GB reserved,       3.25 MB ( <1%) committed 
             Both:        1.02 GB reserved,      24.50 MB (  2%) committed 

Chunk freelists:
   Non-Class:  0 bytes
       Class:  16.00 KB
        Both:  16.00 KB

MaxMetaspaceSize: 17179869184.00 GB
CompressedClassSpaceSize: 1.00 GB
Initial GC threshold: 20.80 MB
Current GC threshold: 34.87 MB
CDS: off

CodeHeap 'non-profiled nmethods': size=120000Kb used=809Kb max_used=809Kb free=119190Kb
 bounds [0x0000024773f70000, 0x00000247741e0000, 0x000002477b4a0000]
CodeHeap 'profiled nmethods': size=120000Kb used=4285Kb max_used=4285Kb free=115714Kb
 bounds [0x000002476ca40000, 0x000002476ce70000, 0x0000024773f70000]
CodeHeap 'non-nmethods': size=5760Kb used=1233Kb max_used=1254Kb free=4526Kb
 bounds [0x000002476c4a0000, 0x000002476c710000, 0x000002476ca40000]
 total_blobs=2674 nmethods=2163 adapters=423
 compilation: enabled
              stopped_count=0, restarted_count=0
 full_count=0

Compilation events (20 events):
Event: 4.161 Thread 0x000002477f770800 2158       3       java.util.regex.Pattern::closure (365 bytes)
Event: 4.163 Thread 0x000002477f76d800 nmethod 2130 0x0000024774039490 code [0x0000024774039620, 0x00000247740398f8]
Event: 4.163 Thread 0x000002477f76d800 2115       4       java.lang.invoke.InvokerBytecodeGenerator::emitPushArgument (120 bytes)
Event: 4.165 Thread 0x000002477f770800 nmethod 2158 0x000002476ce68e10 code [0x000002476ce69360, 0x000002476ce6c268]
Event: 4.165 Thread 0x000002477f770800 2159       3       java.util.Formatter$Conversion::isGeneral (64 bytes)
Event: 4.165 Thread 0x000002477f770800 nmethod 2159 0x000002476ce6d110 code [0x000002476ce6d2c0, 0x000002476ce6d498]
Event: 4.165 Thread 0x000002477f770800 2160       1       java.util.Formatter$FormatSpecifier::index (5 bytes)
Event: 4.165 Thread 0x000002477f770800 nmethod 2160 0x0000024774039a90 code [0x0000024774039c40, 0x0000024774039cf8]
Event: 4.167 Thread 0x000002477f770800 2162       3       java.util.regex.Matcher::find (69 bytes)
Event: 4.167 Thread 0x000002477f770800 nmethod 2162 0x000002476ce6d510 code [0x000002476ce6d6e0, 0x000002476ce6d9c8]
Event: 4.169 Thread 0x000002477f770800 2163       3       java.lang.StringBuilder::append (9 bytes)
Event: 4.170 Thread 0x000002477f770800 nmethod 2163 0x000002476ce6db10 code [0x000002476ce6dd00, 0x000002476ce6e018]
Event: 4.170 Thread 0x000002477f770800 2164       1       java.util.Formatter$FixedString::index (3 bytes)
Event: 4.170 Thread 0x000002477f770800 nmethod 2164 0x0000024774039d90 code [0x0000024774039f40, 0x0000024774039ff8]
Event: 4.170 Thread 0x000002477f770800 2165       3       java.util.StringJoiner::getChars (15 bytes)
Event: 4.170 Thread 0x000002477f770800 nmethod 2165 0x000002476ce6e190 code [0x000002476ce6e360, 0x000002476ce6e5a8]
Event: 4.174 Thread 0x000002477f770800 2167       3       java.lang.invoke.DirectMethodHandle$Holder::invokeStatic (22 bytes)
Event: 4.174 Thread 0x000002477f770800 nmethod 2167 0x000002476ce6e710 code [0x000002476ce6e8e0, 0x000002476ce6ee18]
Event: 4.176 Thread 0x000002477f770800 2168       3       java.lang.invoke.DirectMethodHandle$Holder::invokeStatic (15 bytes)
Event: 4.177 Thread 0x000002477f770800 nmethod 2168 0x000002476ce6ef90 code [0x000002476ce6f160, 0x000002476ce6f698]

GC Heap History (4 events):
Event: 0.916 GC heap before
{Heap before GC invocations=0 (full 0):
 garbage-first heap   total 131072K, used 24576K [0x0000000081c00000, 0x0000000100000000)
  region size 1024K, 24 young (24576K), 0 survivors (0K)
 Metaspace       used 13465K, capacity 14043K, committed 14208K, reserved 1062912K
  class space    used 1412K, capacity 1652K, committed 1664K, reserved 1048576K
}
Event: 0.920 GC heap after
{Heap after GC invocations=1 (full 0):
 garbage-first heap   total 131072K, used 4757K [0x0000000081c00000, 0x0000000100000000)
  region size 1024K, 3 young (3072K), 3 survivors (3072K)
 Metaspace       used 13465K, capacity 14043K, committed 14208K, reserved 1062912K
  class space    used 1412K, capacity 1652K, committed 1664K, reserved 1048576K
}
Event: 2.395 GC heap before
{Heap before GC invocations=1 (full 0):
 garbage-first heap   total 131072K, used 29333K [0x0000000081c00000, 0x0000000100000000)
  region size 1024K, 28 young (28672K), 3 survivors (3072K)
 Metaspace       used 20389K, capacity 21265K, committed 21296K, reserved 1069056K
  class space    used 2230K, capacity 2560K, committed 2560K, reserved 1048576K
}
Event: 2.411 GC heap after
{Heap after GC invocations=2 (full 0):
 garbage-first heap   total 131072K, used 7490K [0x0000000081c00000, 0x0000000100000000)
  region size 1024K, 6 young (6144K), 6 survivors (6144K)
 Metaspace       used 20389K, capacity 21265K, committed 21296K, reserved 1069056K
  class space    used 2230K, capacity 2560K, committed 2560K, reserved 1048576K
}

Deoptimization events (20 events):
Event: 2.135 Thread 0x0000024763d0a000 Uncommon trap: trap_request=0xffffff4d fr.pc=0x0000024773fd1b54 relative=0x0000000000001394
Event: 2.135 Thread 0x0000024763d0a000 Uncommon trap: reason=unstable_if action=reinterpret pc=0x0000024773fd1b54 method=java.io.WinNTFileSystem.normalize(Ljava/lang/String;)Ljava/lang/String; @ 128 c2
Event: 2.135 Thread 0x0000024763d0a000 DEOPT PACKING pc=0x0000024773fd1b54 sp=0x000000e970ef84b0
Event: 2.135 Thread 0x0000024763d0a000 DEOPT UNPACKING pc=0x000002476c4ea1af sp=0x000000e970ef8488 mode 2
Event: 2.462 Thread 0x0000024763d0a000 Uncommon trap: trap_request=0xffffff4d fr.pc=0x0000024773ffe198 relative=0x0000000000000378
Event: 2.464 Thread 0x0000024763d0a000 Uncommon trap: reason=unstable_if action=reinterpret pc=0x0000024773ffe198 method=java.io.ByteArrayInputStream.read([BII)I @ 35 c2
Event: 2.464 Thread 0x0000024763d0a000 DEOPT PACKING pc=0x0000024773ffe198 sp=0x000000e970efb810
Event: 2.464 Thread 0x0000024763d0a000 DEOPT UNPACKING pc=0x000002476c4ea1af sp=0x000000e970efb7d0 mode 2
Event: 2.649 Thread 0x0000024704e83000 Uncommon trap: trap_request=0xffffff4d fr.pc=0x0000024773feeb28 relative=0x0000000000001168
Event: 2.649 Thread 0x0000024704e83000 Uncommon trap: reason=unstable_if action=reinterpret pc=0x0000024773feeb28 method=java.util.concurrent.ConcurrentHashMap.addCount(JI)V @ 171 c2
Event: 2.649 Thread 0x0000024704e83000 DEOPT PACKING pc=0x0000024773feeb28 sp=0x000000e9723fe3d0
Event: 2.649 Thread 0x0000024704e83000 DEOPT UNPACKING pc=0x000002476c4ea1af sp=0x000000e9723fe2a0 mode 2
Event: 2.650 Thread 0x0000024704e83000 Uncommon trap: trap_request=0xffffff4d fr.pc=0x0000024773ffb5f8 relative=0x00000000000012f8
Event: 2.650 Thread 0x0000024704e83000 Uncommon trap: reason=unstable_if action=reinterpret pc=0x0000024773ffb5f8 method=java.util.concurrent.ConcurrentHashMap.transfer([Ljava/util/concurrent/ConcurrentHashMap$Node;[Ljava/util/concurrent/ConcurrentHashMap$Node;)V @ 34 c2
Event: 2.650 Thread 0x0000024704e83000 DEOPT PACKING pc=0x0000024773ffb5f8 sp=0x000000e9723fe1a0
Event: 2.650 Thread 0x0000024704e83000 DEOPT UNPACKING pc=0x000002476c4ea1af sp=0x000000e9723fe160 mode 2
Event: 3.512 Thread 0x00000247056ff800 Uncommon trap: trap_request=0xffffff76 fr.pc=0x0000024774021190 relative=0x0000000000000070
Event: 3.512 Thread 0x00000247056ff800 Uncommon trap: reason=loop_limit_check action=maybe_recompile pc=0x0000024774021190 method=java.lang.invoke.LambdaForm$Name.useCount(Ljava/lang/invoke/LambdaForm$Name;)I @ 21 c2
Event: 3.512 Thread 0x00000247056ff800 DEOPT PACKING pc=0x0000024774021190 sp=0x000000e972efc300
Event: 3.512 Thread 0x00000247056ff800 DEOPT UNPACKING pc=0x000002476c4ea1af sp=0x000000e972efc290 mode 2

Classes redefined (1 events):
Event: 0.250 Thread 0x000002477edc4800 redefined class name=java.lang.Throwable, count=1

Internal exceptions (20 events):
Event: 2.317 Thread 0x00000247056af000 Exception <a 'java/net/ConnectException'{0x000000008842ba10}: Connection refused: connect> (0x000000008842ba10) thrown at [s\src\hotspot\share\prims\jni.cpp, line 638]
Event: 2.436 Thread 0x0000024763d0a000 Exception <a 'java/lang/NoSuchMethodError'{0x0000000089b392c8}: 'java.lang.Object java.lang.invoke.Invokers$Holder.linkToTargetMethod(java.lang.Object, int, int, java.lang.Object)'> (0x0000000089b392c8) thrown at [s\src\hotspot\share\interpreter\linkResolver.cpp, line 773]
Event: 2.440 Thread 0x0000024763d0a000 Exception <a 'java/lang/NoSuchMethodError'{0x0000000089b451f8}: 'void java.lang.invoke.DirectMethodHandle$Holder.invokeStatic(java.lang.Object, java.lang.Object, int)'> (0x0000000089b451f8) thrown at [s\src\hotspot\share\interpreter\linkResolver.cpp, line 773]
Event: 2.572 Thread 0x00000247056fc800 Exception <a 'java/lang/NoSuchMethodError'{0x0000000089880768}: 'java.lang.Object java.lang.invoke.DirectMethodHandle$Holder.invokeStatic(java.lang.Object, java.lang.Object, java.lang.Object, java.lang.Object, java.lang.Object, java.lang.Object, java.lang.Object, java.lang.Object, java.lang.Object, java.lang.Object, java.lang.Object, java.lang.Object, java.lang.Object, java.lang.Object, java.lang.Object)'> (0x0000000089880768) thrown at [s\src\hotspot\share\interpreter\linkResolver.cpp, line 773]
Event: 2.577 Thread 0x00000247056fc800 Exception <a 'java/lang/NoSuchMethodError'{0x000000008988f898}: 'java.lang.Object java.lang.invoke.DirectMethodHandle$Holder.invokeStatic(java.lang.Object, java.lang.Object, java.lang.Object, java.lang.Object, java.lang.Object, java.lang.Object, java.lang.Object, java.lang.Object, java.lang.Object, java.lang.Object, java.lang.Object, java.lang.Object, java.lang.Object, java.lang.Object, java.lang.Object, java.lang.Object)'> (0x000000008988f898) thrown at [s\src\hotspot\share\interpreter\linkResolver.cpp, l
Event: 2.580 Thread 0x00000247056fc800 Exception <a 'java/lang/NoSuchMethodError'{0x000000008989d898}: 'java.lang.Object java.lang.invoke.DirectMethodHandle$Holder.invokeSpecial(java.lang.Object, java.lang.Object, int, int, java.lang.Object, java.lang.Object, int)'> (0x000000008989d898) thrown at [s\src\hotspot\share\interpreter\linkResolver.cpp, line 773]
Event: 2.580 Thread 0x00000247056fc800 Exception <a 'java/lang/NoSuchMethodError'{0x00000000898a0d88}: 'java.lang.Object java.lang.invoke.DelegatingMethodHandle$Holder.reinvoke_L(java.lang.Object, int, int, java.lang.Object, java.lang.Object, int)'> (0x00000000898a0d88) thrown at [s\src\hotspot\share\interpreter\linkResolver.cpp, line 773]
Event: 2.582 Thread 0x00000247056fc800 Exception <a 'java/lang/NoSuchMethodError'{0x00000000898a59d0}: 'java.lang.Object java.lang.invoke.DirectMethodHandle$Holder.invokeStatic(java.lang.Object, java.lang.Object, java.lang.Object, java.lang.Object, int)'> (0x00000000898a59d0) thrown at [s\src\hotspot\share\interpreter\linkResolver.cpp, line 773]
Event: 2.590 Thread 0x00000247056fc800 Exception <a 'java/lang/NoSuchMethodError'{0x00000000898f0838}: 'java.lang.Object java.lang.invoke.DirectMethodHandle$Holder.invokeSpecial(java.lang.Object, java.lang.Object, java.lang.Object, java.lang.Object, int)'> (0x00000000898f0838) thrown at [s\src\hotspot\share\interpreter\linkResolver.cpp, line 773]
Event: 2.591 Thread 0x00000247056fc800 Exception <a 'java/lang/NoSuchMethodError'{0x00000000898f3900}: 'java.lang.Object java.lang.invoke.Invokers$Holder.linkToTargetMethod(java.lang.Object, java.lang.Object, int, java.lang.Object)'> (0x00000000898f3900) thrown at [s\src\hotspot\share\interpreter\linkResolver.cpp, line 773]
Event: 2.642 Thread 0x00000247056fc800 Exception <a 'java/lang/NoSuchMethodError'{0x00000000897b4c98}: 'long java.lang.invoke.DirectMethodHandle$Holder.invokeStatic(java.lang.Object, long, long)'> (0x00000000897b4c98) thrown at [s\src\hotspot\share\interpreter\linkResolver.cpp, line 773]
Event: 3.517 Thread 0x00000247056ff800 Exception <a 'java/lang/NoSuchMethodError'{0x000000008953ba68}: 'java.lang.Object java.lang.invoke.DirectMethodHandle$Holder.invokeStatic(java.lang.Object, java.lang.Object, java.lang.Object, java.lang.Object, java.lang.Object, java.lang.Object, java.lang.Object, java.lang.Object, java.lang.Object, java.lang.Object, java.lang.Object, java.lang.Object, java.lang.Object, int)'> (0x000000008953ba68) thrown at [s\src\hotspot\share\interpreter\linkResolver.cpp, line 773]
Event: 3.519 Thread 0x00000247056ff800 Exception <a 'java/lang/NoSuchMethodError'{0x0000000089549690}: 'java.lang.Object java.lang.invoke.DirectMethodHandle$Holder.invokeStatic(java.lang.Object, java.lang.Object, java.lang.Object, java.lang.Object, java.lang.Object, java.lang.Object, java.lang.Object, java.lang.Object, java.lang.Object, java.lang.Object, java.lang.Object, java.lang.Object, java.lang.Object, int, int)'> (0x0000000089549690) thrown at [s\src\hotspot\share\interpreter\linkResolver.cpp, line 773]
Event: 3.526 Thread 0x00000247056ff800 Exception <a 'java/lang/NoSuchMethodError'{0x0000000089574388}: 'void java.lang.invoke.DirectMethodHandle$Holder.invokeSpecial(java.lang.Object, java.lang.Object, java.lang.Object, java.lang.Object, java.lang.Object, java.lang.Object, java.lang.Object)'> (0x0000000089574388) thrown at [s\src\hotspot\share\interpreter\linkResolver.cpp, line 773]
Event: 3.544 Thread 0x0000024763d0a000 Exception <a 'java/lang/NoSuchMethodError'{0x00000000895b9208}: 'java.lang.Object java.lang.invoke.DirectMethodHandle$Holder.invokeSpecialIFC(java.lang.Object, java.lang.Object, java.lang.Object)'> (0x00000000895b9208) thrown at [s\src\hotspot\share\interpreter\linkResolver.cpp, line 773]
Event: 4.129 Thread 0x0000024763d0a000 Exception <a 'java/lang/NoSuchMethodError'{0x0000000088e1ee98}: 'java.lang.Object java.lang.invoke.DirectMethodHandle$Holder.invokeSpecial(java.lang.Object, java.lang.Object, int, int, java.lang.Object, java.lang.Object, java.lang.Object)'> (0x0000000088e1ee98) thrown at [s\src\hotspot\share\interpreter\linkResolver.cpp, line 773]
Event: 4.129 Thread 0x0000024763d0a000 Exception <a 'java/lang/NoSuchMethodError'{0x0000000088e22998}: 'java.lang.Object java.lang.invoke.DelegatingMethodHandle$Holder.reinvoke_L(java.lang.Object, int, int, java.lang.Object, java.lang.Object, java.lang.Object)'> (0x0000000088e22998) thrown at [s\src\hotspot\share\interpreter\linkResolver.cpp, line 773]
Event: 4.130 Thread 0x0000024763d0a000 Exception <a 'java/lang/NoSuchMethodError'{0x0000000088e31da8}: 'java.lang.Object java.lang.invoke.DirectMethodHandle$Holder.invokeStatic(java.lang.Object, java.lang.Object, java.lang.Object, java.lang.Object, java.lang.Object, java.lang.Object, int)'> (0x0000000088e31da8) thrown at [s\src\hotspot\share\interpreter\linkResolver.cpp, line 773]
Event: 4.137 Thread 0x0000024763d0a000 Exception <a 'java/lang/reflect/InvocationTargetException'{0x0000000088ea2ea0}> (0x0000000088ea2ea0) thrown at [s\src\hotspot\share\runtime\reflection.cpp, line 1245]
Event: 4.177 Thread 0x0000024763d0a000 Exception <a 'java/lang/NoSuchMethodError'{0x0000000088dcacd8}: 'void java.lang.invoke.DirectMethodHandle$Holder.invokeVirtual(java.lang.Object, java.lang.Object)'> (0x0000000088dcacd8) thrown at [s\src\hotspot\share\interpreter\linkResolver.cpp, line 773]

Events (20 events):
Event: 4.174 loading class org/junit/jupiter/api/extension/AfterAllCallback
Event: 4.174 loading class org/junit/jupiter/api/extension/AfterAllCallback done
Event: 4.176 loading class org/junit/platform/launcher/core/OutcomeDelayingEngineExecutionListener$Outcome
Event: 4.176 loading class org/junit/platform/launcher/core/OutcomeDelayingEngineExecutionListener$Outcome done
Event: 4.176 loading class org/junit/platform/launcher/TestPlan
Event: 4.177 loading class org/junit/platform/launcher/TestPlan done
Event: 4.177 loading class org/junit/platform/launcher/TestPlan
Event: 4.177 loading class org/junit/platform/launcher/TestPlan done
Event: 4.177 loading class org/junit/platform/launcher/TestPlan
Event: 4.177 loading class org/junit/platform/launcher/TestPlan done
Event: 4.177 loading class org/junit/platform/launcher/TestPlan
Event: 4.177 loading class org/junit/platform/launcher/TestPlan done
Event: 4.178 loading class org/junit/platform/launcher/core/DefaultLauncherSession$ClosedLauncher
Event: 4.178 loading class org/junit/platform/launcher/core/DefaultLauncherSession$ClosedLauncher done
Event: 4.179 loading class java/util/IdentityHashMap$KeyIterator
Event: 4.179 loading class java/util/IdentityHashMap$IdentityHashMapIterator
Event: 4.179 loading class java/util/IdentityHashMap$IdentityHashMapIterator done
Event: 4.179 loading class java/util/IdentityHashMap$KeyIterator done
Event: 4.179 Thread 0x000002470679b800 Thread added: 0x000002470679b800
Event: 4.180 Thread 0x000002470679a800 Thread added: 0x000002470679a800


Dynamic libraries:
0x00007ff6c91e0000 - 0x00007ff6c91ee000 	C:\Users\admin\.jdks\corretto-11.0.25\bin\java.exe
0x00007ffbb33f0000 - 0x00007ffbb3607000 	C:\WINDOWS\SYSTEM32\ntdll.dll
0x00007ffbb21f0000 - 0x00007ffbb22b4000 	C:\WINDOWS\System32\KERNEL32.DLL
0x00007ffbb0810000 - 0x00007ffbb0bc9000 	C:\WINDOWS\System32\KERNELBASE.dll
0x00007ffbb0d70000 - 0x00007ffbb0e81000 	C:\WINDOWS\System32\ucrtbase.dll
0x00007ffba9000000 - 0x00007ffba9017000 	C:\Users\admin\.jdks\corretto-11.0.25\bin\jli.dll
0x00007ffba9020000 - 0x00007ffba903b000 	C:\Users\admin\.jdks\corretto-11.0.25\bin\VCRUNTIME140.dll
0x00007ffbb1df0000 - 0x00007ffbb1f9e000 	C:\WINDOWS\System32\USER32.dll
0x00007ffb9cf70000 - 0x00007ffb9d202000 	C:\WINDOWS\WinSxS\amd64_microsoft.windows.common-controls_6595b64144ccf1df_6.0.22621.4391_none_2715d37f73803e96\COMCTL32.dll
0x00007ffbb0d40000 - 0x00007ffbb0d66000 	C:\WINDOWS\System32\win32u.dll
0x00007ffbb2140000 - 0x00007ffbb21e7000 	C:\WINDOWS\System32\msvcrt.dll
0x00007ffbb22c0000 - 0x00007ffbb22e9000 	C:\WINDOWS\System32\GDI32.dll
0x00007ffbb0e90000 - 0x00007ffbb0fab000 	C:\WINDOWS\System32\gdi32full.dll
0x00007ffbb06f0000 - 0x00007ffbb078a000 	C:\WINDOWS\System32\msvcp_win.dll
0x00007ffbb2e80000 - 0x00007ffbb2eb1000 	C:\WINDOWS\System32\IMM32.DLL
0x00007ffbabc70000 - 0x00007ffbabc7c000 	C:\Users\admin\.jdks\corretto-11.0.25\bin\vcruntime140_1.dll
0x00007ffba8f70000 - 0x00007ffba8ffd000 	C:\Users\admin\.jdks\corretto-11.0.25\bin\msvcp140.dll
0x00007ffb533d0000 - 0x00007ffb53f95000 	C:\Users\admin\.jdks\corretto-11.0.25\bin\server\jvm.dll
0x00007ffbb2c00000 - 0x00007ffbb2cb2000 	C:\WINDOWS\System32\ADVAPI32.dll
0x00007ffbb1ba0000 - 0x00007ffbb1c47000 	C:\WINDOWS\System32\sechost.dll
0x00007ffbb1020000 - 0x00007ffbb1048000 	C:\WINDOWS\System32\bcrypt.dll
0x00007ffbb1cd0000 - 0x00007ffbb1de4000 	C:\WINDOWS\System32\RPCRT4.dll
0x00007ffbb24a0000 - 0x00007ffbb2511000 	C:\WINDOWS\System32\WS2_32.dll
0x00007ffbb20a0000 - 0x00007ffbb20a8000 	C:\WINDOWS\System32\PSAPI.DLL
0x00007ffbabcd0000 - 0x00007ffbabd04000 	C:\WINDOWS\SYSTEM32\WINMM.dll
0x00007ffbabc80000 - 0x00007ffbabc8a000 	C:\WINDOWS\SYSTEM32\VERSION.dll
0x00007ffbaf6f0000 - 0x00007ffbaf708000 	C:\WINDOWS\SYSTEM32\kernel.appcore.dll
0x00007ffba8f30000 - 0x00007ffba8f40000 	C:\Users\admin\.jdks\corretto-11.0.25\bin\verify.dll
0x00007ffbae0e0000 - 0x00007ffbae312000 	C:\WINDOWS\SYSTEM32\DBGHELP.DLL
0x00007ffbb3020000 - 0x00007ffbb33af000 	C:\WINDOWS\System32\combase.dll
0x00007ffbb2520000 - 0x00007ffbb25f7000 	C:\WINDOWS\System32\OLEAUT32.dll
0x00007ffb977e0000 - 0x00007ffb97812000 	C:\WINDOWS\SYSTEM32\dbgcore.DLL
0x00007ffbb0790000 - 0x00007ffbb080b000 	C:\WINDOWS\System32\bcryptPrimitives.dll
0x00007ffba86a0000 - 0x00007ffba86c8000 	C:\Users\admin\.jdks\corretto-11.0.25\bin\java.dll
0x00007ffba8f20000 - 0x00007ffba8f2a000 	C:\Users\admin\.jdks\corretto-11.0.25\bin\jimage.dll
0x00007ffbaaa90000 - 0x00007ffbaaa9e000 	C:\Users\admin\.jdks\corretto-11.0.25\bin\instrument.dll
0x00007ffba79c0000 - 0x00007ffba79d8000 	C:\Users\admin\.jdks\corretto-11.0.25\bin\zip.dll
0x00007ffbb1110000 - 0x00007ffbb1986000 	C:\WINDOWS\System32\SHELL32.dll
0x00007ffbae5e0000 - 0x00007ffbaeee3000 	C:\WINDOWS\SYSTEM32\windows.storage.dll
0x00007ffbae4a0000 - 0x00007ffbae5df000 	C:\WINDOWS\SYSTEM32\wintypes.dll
0x00007ffbb19f0000 - 0x00007ffbb1ae9000 	C:\WINDOWS\System32\SHCORE.dll
0x00007ffbb1b40000 - 0x00007ffbb1b9e000 	C:\WINDOWS\System32\shlwapi.dll
0x00007ffbb0620000 - 0x00007ffbb064b000 	C:\WINDOWS\SYSTEM32\profapi.dll
0x00007ffba79a0000 - 0x00007ffba79b9000 	C:\Users\admin\.jdks\corretto-11.0.25\bin\net.dll
0x00007ffbab590000 - 0x00007ffbab6c6000 	C:\WINDOWS\SYSTEM32\WINHTTP.dll
0x00007ffbafb60000 - 0x00007ffbafbc9000 	C:\WINDOWS\system32\mswsock.dll
0x00007ffba7980000 - 0x00007ffba7992000 	C:\Users\admin\.jdks\corretto-11.0.25\bin\nio.dll
0x00007ffba8f40000 - 0x00007ffba8f5a000 	C:\Program Files\JetBrains\IntelliJ IDEA Community Edition 2024.2.4\bin\breakgen64.dll
0x00007ffbaf180000 - 0x00007ffbaf282000 	C:\WINDOWS\SYSTEM32\DNSAPI.dll
0x00007ffbaf150000 - 0x00007ffbaf17d000 	C:\WINDOWS\SYSTEM32\IPHLPAPI.DLL
0x00007ffbb2f40000 - 0x00007ffbb2f49000 	C:\WINDOWS\System32\NSI.dll
0x00007ffb9d280000 - 0x00007ffb9d28a000 	C:\Windows\System32\rasadhlp.dll
0x00007ffba8dc0000 - 0x00007ffba8e43000 	C:\WINDOWS\System32\fwpuclnt.dll
0x00007ffb9bd80000 - 0x00007ffb9bda7000 	C:\Users\admin\.jdks\corretto-11.0.25\bin\sunec.dll
0x00007ffbafeb0000 - 0x00007ffbafecb000 	C:\WINDOWS\SYSTEM32\CRYPTSP.dll
0x00007ffbaf650000 - 0x00007ffbaf685000 	C:\WINDOWS\system32\rsaenh.dll
0x00007ffbafc00000 - 0x00007ffbafc28000 	C:\WINDOWS\SYSTEM32\USERENV.dll
0x00007ffbafe90000 - 0x00007ffbafe9c000 	C:\WINDOWS\SYSTEM32\CRYPTBASE.dll
0x00007ffbab520000 - 0x00007ffbab539000 	C:\WINDOWS\SYSTEM32\dhcpcsvc6.DLL
0x00007ffbab4e0000 - 0x00007ffbab4ff000 	C:\WINDOWS\SYSTEM32\dhcpcsvc.DLL

dbghelp: loaded successfully - version: 4.0.5 - missing functions: none
symbol engine: initialized successfully - sym options: 0x614 - pdb path: .;C:\Users\admin\.jdks\corretto-11.0.25\bin;C:\WINDOWS\SYSTEM32;C:\WINDOWS\WinSxS\amd64_microsoft.windows.common-controls_6595b64144ccf1df_6.0.22621.4391_none_2715d37f73803e96;C:\Users\admin\.jdks\corretto-11.0.25\bin\server;C:\Program Files\JetBrains\IntelliJ IDEA Community Edition 2024.2.4\bin

VM Arguments:
jvm_args: -ea -Didea.test.cyclic.buffer.size=1048576 -javaagent:C:\Program Files\JetBrains\IntelliJ IDEA Community Edition 2024.2.4\lib\idea_rt.jar=65296:C:\Program Files\JetBrains\IntelliJ IDEA Community Edition 2024.2.4\bin -javaagent:C:\Users\admin\AppData\Local\JetBrains\IdeaIC2024.3\captureAgent\debugger-agent.jar -Dkotlinx.coroutines.debug.enable.creation.stack.trace=false -Ddebugger.agent.enable.coroutines=true -Dkotlinx.coroutines.debug.enable.flows.stack.trace=true -Dkotlinx.coroutines.debug.enable.mutable.state.flows.stack.trace=true -Dfile.encoding=UTF-8 
java_command: com.intellij.rt.junit.JUnitStarter -ideVersion5 -junit5 TestMts,someTest6
java_class_path (initial): C:\Users\admin\.m2\repository\org\junit\platform\junit-platform-launcher\1.11.3\junit-platform-launcher-1.11.3.jar;C:\Users\admin\.m2\repository\org\junit\platform\junit-platform-engine\1.11.3\junit-platform-engine-1.11.3.jar;C:\Users\admin\.m2\repository\org\junit\jupiter\junit-jupiter-engine\5.11.3\junit-jupiter-engine-5.11.3.jar;C:\Program Files\JetBrains\IntelliJ IDEA Community Edition 2024.2.4\lib\idea_rt.jar;C:\Program Files\JetBrains\IntelliJ IDEA Community Edition 2024.2.4\plugins\junit\lib\junit5-rt.jar;C:\Program Files\JetBrains\IntelliJ IDEA Community Edition 2024.2.4\plugins\junit\lib\junit-rt.jar;C:\Users\admin\IdeaProjects\MyProgect1\target\test-classes;C:\Users\admin\IdeaProjects\MyProgect1\target\classes;C:\Users\admin\.m2\repository\org\junit\jupiter\junit-jupiter-api\5.11.3\junit-jupiter-api-5.11.3.jar;C:\Users\admin\.m2\repository\org\opentest4j\opentest4j\1.3.0\opentest4j-1.3.0.jar;C:\Users\admin\.m2\repository\org\junit\platform\junit-platform-commons\1.11.3\junit-platform-commons-1.11.3.jar;C:\Users\admin\.m2\repository\org\apiguardian\apiguardian-api\1.1.2\apiguardian-api-1.1.2.jar;C:\Users\admin\.m2\repository\org\junit\jupiter\junit-jupiter-params\5.11.3\junit-jupiter-params-5.11.3.jar;C:\Users\admin\.m2\repository\org\testng\testng\7.10.2\testng-7.10.2.jar;C:\Users\admin\.m2\repository\org\slf4j\slf4j-api\1.7.36\slf4j-api-1.7.36.jar;C:\Users\admin\.m2\repository\com\beust\jcommander\1.82\jcommander-1.82.jar;C:\Users\admin\.m2\repository\org\webjars\jquery\3.7.1\jquery-3.7.1.jar;C:\Users\admin\.m2\repository\org\seleniumhq\selenium\selenium-java\4.27.0\selenium-java-4.27.0.jar;C:\Users\admin\.m2\repository\org\seleniumhq\selenium\selenium-api\4.27.0\selenium-api-4.27.0.jar;C:\Users\admin\.m2\repository\org\jspecify\jspecify\1.0.0\jspecify-1.0.0.jar;C:\Users\admin\.m2\repository\org\seleniumhq\selenium\selenium-chrome-driver\4.27.0\selenium-chrome-driver-4.27.0.jar;C:\Users\admin\.m2\repository\com\google\auto\ser
Launcher Type: SUN_STANDARD

[Global flags]
     intx CICompilerCount                          = 4                                         {product} {ergonomic}
     uint ConcGCThreads                            = 2                                         {product} {ergonomic}
     uint G1ConcRefinementThreads                  = 8                                         {product} {ergonomic}
   size_t G1HeapRegionSize                         = 1048576                                   {product} {ergonomic}
    uintx GCDrainStackTargetSize                   = 64                                        {product} {ergonomic}
   size_t InitialHeapSize                          = 134217728                                 {product} {ergonomic}
   size_t MarkStackSize                            = 4194304                                   {product} {ergonomic}
   size_t MaxHeapSize                              = 2118123520                                {product} {ergonomic}
   size_t MaxNewSize                               = 1270874112                                {product} {ergonomic}
   size_t MinHeapDeltaBytes                        = 1048576                                   {product} {ergonomic}
    uintx NonNMethodCodeHeapSize                   = 5836300                                {pd product} {ergonomic}
    uintx NonProfiledCodeHeapSize                  = 122910970                              {pd product} {ergonomic}
    uintx ProfiledCodeHeapSize                     = 122910970                              {pd product} {ergonomic}
    uintx ReservedCodeCacheSize                    = 251658240                              {pd product} {ergonomic}
     bool SegmentedCodeCache                       = true                                      {product} {ergonomic}
     bool UseCompressedClassPointers               = true                                 {lp64_product} {ergonomic}
     bool UseCompressedOops                        = true                                 {lp64_product} {ergonomic}
     bool UseG1GC                                  = true                                      {product} {ergonomic}
     bool UseLargePagesIndividualAllocation        = false                                  {pd product} {ergonomic}

Logging:
Log output configuration:
 #0: stdout all=warning uptime,level,tags
 #1: stderr all=off uptime,level,tags

Environment Variables:
PATH=C:\WINDOWS\system32;C:\WINDOWS;C:\WINDOWS\System32\Wbem;C:\WINDOWS\System32\WindowsPowerShell\v1.0\;C:\WINDOWS\System32\OpenSSH\;C:\Program Files\Microsoft SQL Server\Client SDK\ODBC\130\Tools\Binn\;C:\Program Files (x86)\Microsoft SQL Server\140\Tools\Binn\;C:\Program Files\Microsoft SQL Server\140\Tools\Binn\;C:\Program Files\Microsoft SQL Server\140\DTS\Binn\;C:\Program Files (x86)\Microsoft SQL Server\160\DTS\Binn\;C:\Program Files\Git\cmd;C:\Program Files\MySQL\MySQL Shell 8.0\bin\;C:\Users\admin\AppData\Local\Microsoft\WindowsApps;C:\Users\admin\AppData\Local\Programs\Microsoft VS Code\bin
USERNAME=admin
OS=Windows_NT
PROCESSOR_IDENTIFIER=Intel64 Family 6 Model 142 Stepping 12, GenuineIntel
TMP=C:\Users\admin\AppData\Local\Temp
TEMP=C:\Users\admin\AppData\Local\Temp



---------------  S Y S T E M  ---------------

OS: Windows 11 , 64 bit Build 22621 (10.0.22621.4391)
OS uptime: 0 days 23:55 hours
Hyper-V role detected

CPU:total 8 (initial active 8) (4 cores per cpu, 2 threads per core) family 6 model 142 stepping 12 microcode 0xde, cmov, cx8, fxsr, mmx, sse, sse2, sse3, ssse3, sse4.1, sse4.2, popcnt, avx, avx2, aes, clmul, erms, 3dnowpref, lzcnt, ht, tsc, tscinvbit, bmi1, bmi2, adx, fma

Memory: 4k page, system-wide physical 8074M (616M free)
TotalPageFile size 19262M (AvailPageFile size 4M)
current process WorkingSet (physical memory assigned to process): 134M, peak: 134M
current process commit charge ("private bytes"): 267M, peak: 267M

vm_info: OpenJDK 64-Bit Server VM (11.0.25+9-LTS) for windows-amd64 JRE (11.0.25+9-LTS), built on Oct 10 2024 00:01:59 by "Administrator" with MS VC++ 16.10 / 16.11 (VS2019)

END.
